* installing *source* package 'crs' ...
** package 'crs' successfully unpacked and MD5 sums checked
** using staged installation
** libs
make[2]: Entering directory '/tmp/RtmpKGpj0C/R.INSTALL11c8326aa6815/crs/src'
gcc -I"/usr/local/apps/R/ubuntu_20.04/4.2.2/lib64/R/include" -DNDEBUG   -I/usr/local/include   -fpic  -g -O2 -Wall -pedantic -c RuniqueCombs.c -o RuniqueCombs.o
gcc -I"/usr/local/apps/R/ubuntu_20.04/4.2.2/lib64/R/include" -DNDEBUG   -I/usr/local/include   -fpic  -g -O2 -Wall -pedantic -c bspline.c -o bspline.o
gcc -I"/usr/local/apps/R/ubuntu_20.04/4.2.2/lib64/R/include" -DNDEBUG   -I/usr/local/include   -fpic  -g -O2 -Wall -pedantic -c gsl_bspline.c -o gsl_bspline.o
g++ -std=gnu++14 -I"/usr/local/apps/R/ubuntu_20.04/4.2.2/lib64/R/include" -DNDEBUG   -I/usr/local/include  -I./nomad_src -I./sgtelib_src -fpic  -g -O2 -Wall -pedantic -c snomadr.cpp -o snomadr.o
gcc -I"/usr/local/apps/R/ubuntu_20.04/4.2.2/lib64/R/include" -DNDEBUG   -I/usr/local/include   -fpic  -g -O2 -Wall -pedantic -c crs_init.c -o crs_init.o
gcc -I"/usr/local/apps/R/ubuntu_20.04/4.2.2/lib64/R/include" -DNDEBUG   -I/usr/local/include   -fpic  -g -O2 -Wall -pedantic -c mgcv.c -o mgcv.o
g++ -std=gnu++14 -I"/usr/local/apps/R/ubuntu_20.04/4.2.2/lib64/R/include" -DNDEBUG   -I/usr/local/include  -I./nomad_src -I./sgtelib_src -fpic  -g -O2 -Wall -pedantic -c nomad_src/nomad.cpp -o nomad_src/nomad.o
g++ -std=gnu++14 -I"/usr/local/apps/R/ubuntu_20.04/4.2.2/lib64/R/include" -DNDEBUG   -I/usr/local/include  -I./nomad_src -I./sgtelib_src -fpic  -g -O2 -Wall -pedantic -c nomad_src/Algo_Parameters.cpp -o nomad_src/Algo_Parameters.o
g++ -std=gnu++14 -I"/usr/local/apps/R/ubuntu_20.04/4.2.2/lib64/R/include" -DNDEBUG   -I/usr/local/include  -I./nomad_src -I./sgtelib_src -fpic  -g -O2 -Wall -pedantic -c nomad_src/Barrier.cpp -o nomad_src/Barrier.o
g++ -std=gnu++14 -I"/usr/local/apps/R/ubuntu_20.04/4.2.2/lib64/R/include" -DNDEBUG   -I/usr/local/include  -I./nomad_src -I./sgtelib_src -fpic  -g -O2 -Wall -pedantic -c nomad_src/Cache.cpp -o nomad_src/Cache.o
g++ -std=gnu++14 -I"/usr/local/apps/R/ubuntu_20.04/4.2.2/lib64/R/include" -DNDEBUG   -I/usr/local/include  -I./nomad_src -I./sgtelib_src -fpic  -g -O2 -Wall -pedantic -c nomad_src/Cache_File_Point.cpp -o nomad_src/Cache_File_Point.o
g++ -std=gnu++14 -I"/usr/local/apps/R/ubuntu_20.04/4.2.2/lib64/R/include" -DNDEBUG   -I/usr/local/include  -I./nomad_src -I./sgtelib_src -fpic  -g -O2 -Wall -pedantic -c nomad_src/Cache_Point.cpp -o nomad_src/Cache_Point.o
g++ -std=gnu++14 -I"/usr/local/apps/R/ubuntu_20.04/4.2.2/lib64/R/include" -DNDEBUG   -I/usr/local/include  -I./nomad_src -I./sgtelib_src -fpic  -g -O2 -Wall -pedantic -c nomad_src/Cache_Search.cpp -o nomad_src/Cache_Search.o
g++ -std=gnu++14 -I"/usr/local/apps/R/ubuntu_20.04/4.2.2/lib64/R/include" -DNDEBUG   -I/usr/local/include  -I./nomad_src -I./sgtelib_src -fpic  -g -O2 -Wall -pedantic -c nomad_src/Clock.cpp -o nomad_src/Clock.o
g++ -std=gnu++14 -I"/usr/local/apps/R/ubuntu_20.04/4.2.2/lib64/R/include" -DNDEBUG   -I/usr/local/include  -I./nomad_src -I./sgtelib_src -fpic  -g -O2 -Wall -pedantic -c nomad_src/Direction.cpp -o nomad_src/Direction.o
g++ -std=gnu++14 -I"/usr/local/apps/R/ubuntu_20.04/4.2.2/lib64/R/include" -DNDEBUG   -I/usr/local/include  -I./nomad_src -I./sgtelib_src -fpic  -g -O2 -Wall -pedantic -c nomad_src/Directions.cpp -o nomad_src/Directions.o
g++ -std=gnu++14 -I"/usr/local/apps/R/ubuntu_20.04/4.2.2/lib64/R/include" -DNDEBUG   -I/usr/local/include  -I./nomad_src -I./sgtelib_src -fpic  -g -O2 -Wall -pedantic -c nomad_src/Display.cpp -o nomad_src/Display.o
g++ -std=gnu++14 -I"/usr/local/apps/R/ubuntu_20.04/4.2.2/lib64/R/include" -DNDEBUG   -I/usr/local/include  -I./nomad_src -I./sgtelib_src -fpic  -g -O2 -Wall -pedantic -c nomad_src/Double.cpp -o nomad_src/Double.o
g++ -std=gnu++14 -I"/usr/local/apps/R/ubuntu_20.04/4.2.2/lib64/R/include" -DNDEBUG   -I/usr/local/include  -I./nomad_src -I./sgtelib_src -fpic  -g -O2 -Wall -pedantic -c nomad_src/Eval_Point.cpp -o nomad_src/Eval_Point.o
g++ -std=gnu++14 -I"/usr/local/apps/R/ubuntu_20.04/4.2.2/lib64/R/include" -DNDEBUG   -I/usr/local/include  -I./nomad_src -I./sgtelib_src -fpic  -g -O2 -Wall -pedantic -c nomad_src/Evaluator.cpp -o nomad_src/Evaluator.o
g++ -std=gnu++14 -I"/usr/local/apps/R/ubuntu_20.04/4.2.2/lib64/R/include" -DNDEBUG   -I/usr/local/include  -I./nomad_src -I./sgtelib_src -fpic  -g -O2 -Wall -pedantic -c nomad_src/Evaluator_Control.cpp -o nomad_src/Evaluator_Control.o
g++ -std=gnu++14 -I"/usr/local/apps/R/ubuntu_20.04/4.2.2/lib64/R/include" -DNDEBUG   -I/usr/local/include  -I./nomad_src -I./sgtelib_src -fpic  -g -O2 -Wall -pedantic -c nomad_src/Extended_Poll.cpp -o nomad_src/Extended_Poll.o
g++ -std=gnu++14 -I"/usr/local/apps/R/ubuntu_20.04/4.2.2/lib64/R/include" -DNDEBUG   -I/usr/local/include  -I./nomad_src -I./sgtelib_src -fpic  -g -O2 -Wall -pedantic -c nomad_src/L_Curve.cpp -o nomad_src/L_Curve.o
g++ -std=gnu++14 -I"/usr/local/apps/R/ubuntu_20.04/4.2.2/lib64/R/include" -DNDEBUG   -I/usr/local/include  -I./nomad_src -I./sgtelib_src -fpic  -g -O2 -Wall -pedantic -c nomad_src/LH_Search.cpp -o nomad_src/LH_Search.o
g++ -std=gnu++14 -I"/usr/local/apps/R/ubuntu_20.04/4.2.2/lib64/R/include" -DNDEBUG   -I/usr/local/include  -I./nomad_src -I./sgtelib_src -fpic  -g -O2 -Wall -pedantic -c nomad_src/Mads.cpp -o nomad_src/Mads.o
g++ -std=gnu++14 -I"/usr/local/apps/R/ubuntu_20.04/4.2.2/lib64/R/include" -DNDEBUG   -I/usr/local/include  -I./nomad_src -I./sgtelib_src -fpic  -g -O2 -Wall -pedantic -c nomad_src/OrthogonalMesh.cpp -o nomad_src/OrthogonalMesh.o
g++ -std=gnu++14 -I"/usr/local/apps/R/ubuntu_20.04/4.2.2/lib64/R/include" -DNDEBUG   -I/usr/local/include  -I./nomad_src -I./sgtelib_src -fpic  -g -O2 -Wall -pedantic -c nomad_src/Model_Sorted_Point.cpp -o nomad_src/Model_Sorted_Point.o
g++ -std=gnu++14 -I"/usr/local/apps/R/ubuntu_20.04/4.2.2/lib64/R/include" -DNDEBUG   -I/usr/local/include  -I./nomad_src -I./sgtelib_src -fpic  -g -O2 -Wall -pedantic -c nomad_src/Model_Stats.cpp -o nomad_src/Model_Stats.o
g++ -std=gnu++14 -I"/usr/local/apps/R/ubuntu_20.04/4.2.2/lib64/R/include" -DNDEBUG   -I/usr/local/include  -I./nomad_src -I./sgtelib_src -fpic  -g -O2 -Wall -pedantic -c nomad_src/Multi_Obj_Evaluator.cpp -o nomad_src/Multi_Obj_Evaluator.o
g++ -std=gnu++14 -I"/usr/local/apps/R/ubuntu_20.04/4.2.2/lib64/R/include" -DNDEBUG   -I/usr/local/include  -I./nomad_src -I./sgtelib_src -fpic  -g -O2 -Wall -pedantic -c nomad_src/NelderMead_Search.cpp -o nomad_src/NelderMead_Search.o
g++ -std=gnu++14 -I"/usr/local/apps/R/ubuntu_20.04/4.2.2/lib64/R/include" -DNDEBUG   -I/usr/local/include  -I./nomad_src -I./sgtelib_src -fpic  -g -O2 -Wall -pedantic -c nomad_src/NelderMead_Simplex_Eval_Point.cpp -o nomad_src/NelderMead_Simplex_Eval_Point.o
g++ -std=gnu++14 -I"/usr/local/apps/R/ubuntu_20.04/4.2.2/lib64/R/include" -DNDEBUG   -I/usr/local/include  -I./nomad_src -I./sgtelib_src -fpic  -g -O2 -Wall -pedantic -c nomad_src/Parameters.cpp -o nomad_src/Parameters.o
g++ -std=gnu++14 -I"/usr/local/apps/R/ubuntu_20.04/4.2.2/lib64/R/include" -DNDEBUG   -I/usr/local/include  -I./nomad_src -I./sgtelib_src -fpic  -g -O2 -Wall -pedantic -c nomad_src/Parameter_Entries.cpp -o nomad_src/Parameter_Entries.o
g++ -std=gnu++14 -I"/usr/local/apps/R/ubuntu_20.04/4.2.2/lib64/R/include" -DNDEBUG   -I/usr/local/include  -I./nomad_src -I./sgtelib_src -fpic  -g -O2 -Wall -pedantic -c nomad_src/Parameter_Entry.cpp -o nomad_src/Parameter_Entry.o
g++ -std=gnu++14 -I"/usr/local/apps/R/ubuntu_20.04/4.2.2/lib64/R/include" -DNDEBUG   -I/usr/local/include  -I./nomad_src -I./sgtelib_src -fpic  -g -O2 -Wall -pedantic -c nomad_src/Pareto_Front.cpp -o nomad_src/Pareto_Front.o
g++ -std=gnu++14 -I"/usr/local/apps/R/ubuntu_20.04/4.2.2/lib64/R/include" -DNDEBUG   -I/usr/local/include  -I./nomad_src -I./sgtelib_src -fpic  -g -O2 -Wall -pedantic -c nomad_src/Pareto_Point.cpp -o nomad_src/Pareto_Point.o
g++ -std=gnu++14 -I"/usr/local/apps/R/ubuntu_20.04/4.2.2/lib64/R/include" -DNDEBUG   -I/usr/local/include  -I./nomad_src -I./sgtelib_src -fpic  -g -O2 -Wall -pedantic -c nomad_src/Phase_One_Evaluator.cpp -o nomad_src/Phase_One_Evaluator.o
g++ -std=gnu++14 -I"/usr/local/apps/R/ubuntu_20.04/4.2.2/lib64/R/include" -DNDEBUG   -I/usr/local/include  -I./nomad_src -I./sgtelib_src -fpic  -g -O2 -Wall -pedantic -c nomad_src/Phase_One_Search.cpp -o nomad_src/Phase_One_Search.o
g++ -std=gnu++14 -I"/usr/local/apps/R/ubuntu_20.04/4.2.2/lib64/R/include" -DNDEBUG   -I/usr/local/include  -I./nomad_src -I./sgtelib_src -fpic  -g -O2 -Wall -pedantic -c nomad_src/Point.cpp -o nomad_src/Point.o
g++ -std=gnu++14 -I"/usr/local/apps/R/ubuntu_20.04/4.2.2/lib64/R/include" -DNDEBUG   -I/usr/local/include  -I./nomad_src -I./sgtelib_src -fpic  -g -O2 -Wall -pedantic -c nomad_src/Priority_Eval_Point.cpp -o nomad_src/Priority_Eval_Point.o
g++ -std=gnu++14 -I"/usr/local/apps/R/ubuntu_20.04/4.2.2/lib64/R/include" -DNDEBUG   -I/usr/local/include  -I./nomad_src -I./sgtelib_src -fpic  -g -O2 -Wall -pedantic -c nomad_src/Quad_Model.cpp -o nomad_src/Quad_Model.o
g++ -std=gnu++14 -I"/usr/local/apps/R/ubuntu_20.04/4.2.2/lib64/R/include" -DNDEBUG   -I/usr/local/include  -I./nomad_src -I./sgtelib_src -fpic  -g -O2 -Wall -pedantic -c nomad_src/Quad_Model_Evaluator.cpp -o nomad_src/Quad_Model_Evaluator.o
g++ -std=gnu++14 -I"/usr/local/apps/R/ubuntu_20.04/4.2.2/lib64/R/include" -DNDEBUG   -I/usr/local/include  -I./nomad_src -I./sgtelib_src -fpic  -g -O2 -Wall -pedantic -c nomad_src/Quad_Model_Search.cpp -o nomad_src/Quad_Model_Search.o
g++ -std=gnu++14 -I"/usr/local/apps/R/ubuntu_20.04/4.2.2/lib64/R/include" -DNDEBUG   -I/usr/local/include  -I./nomad_src -I./sgtelib_src -fpic  -g -O2 -Wall -pedantic -c nomad_src/Random_Pickup.cpp -o nomad_src/Random_Pickup.o
g++ -std=gnu++14 -I"/usr/local/apps/R/ubuntu_20.04/4.2.2/lib64/R/include" -DNDEBUG   -I/usr/local/include  -I./nomad_src -I./sgtelib_src -fpic  -g -O2 -Wall -pedantic -c nomad_src/RNG.cpp -o nomad_src/RNG.o
g++ -std=gnu++14 -I"/usr/local/apps/R/ubuntu_20.04/4.2.2/lib64/R/include" -DNDEBUG   -I/usr/local/include  -I./nomad_src -I./sgtelib_src -fpic  -g -O2 -Wall -pedantic -c nomad_src/Sgtelib_Model_Evaluator.cpp -o nomad_src/Sgtelib_Model_Evaluator.o
g++ -std=gnu++14 -I"/usr/local/apps/R/ubuntu_20.04/4.2.2/lib64/R/include" -DNDEBUG   -I/usr/local/include  -I./nomad_src -I./sgtelib_src -fpic  -g -O2 -Wall -pedantic -c nomad_src/Sgtelib_Model_Search.cpp -o nomad_src/Sgtelib_Model_Search.o
g++ -std=gnu++14 -I"/usr/local/apps/R/ubuntu_20.04/4.2.2/lib64/R/include" -DNDEBUG   -I/usr/local/include  -I./nomad_src -I./sgtelib_src -fpic  -g -O2 -Wall -pedantic -c nomad_src/Sgtelib_Model_Manager.cpp -o nomad_src/Sgtelib_Model_Manager.o
g++ -std=gnu++14 -I"/usr/local/apps/R/ubuntu_20.04/4.2.2/lib64/R/include" -DNDEBUG   -I/usr/local/include  -I./nomad_src -I./sgtelib_src -fpic  -g -O2 -Wall -pedantic -c nomad_src/Signature.cpp -o nomad_src/Signature.o
g++ -std=gnu++14 -I"/usr/local/apps/R/ubuntu_20.04/4.2.2/lib64/R/include" -DNDEBUG   -I/usr/local/include  -I./nomad_src -I./sgtelib_src -fpic  -g -O2 -Wall -pedantic -c nomad_src/Slave.cpp -o nomad_src/Slave.o
g++ -std=gnu++14 -I"/usr/local/apps/R/ubuntu_20.04/4.2.2/lib64/R/include" -DNDEBUG   -I/usr/local/include  -I./nomad_src -I./sgtelib_src -fpic  -g -O2 -Wall -pedantic -c nomad_src/Speculative_Search.cpp -o nomad_src/Speculative_Search.o
g++ -std=gnu++14 -I"/usr/local/apps/R/ubuntu_20.04/4.2.2/lib64/R/include" -DNDEBUG   -I/usr/local/include  -I./nomad_src -I./sgtelib_src -fpic  -g -O2 -Wall -pedantic -c nomad_src/Stats.cpp -o nomad_src/Stats.o
g++ -std=gnu++14 -I"/usr/local/apps/R/ubuntu_20.04/4.2.2/lib64/R/include" -DNDEBUG   -I/usr/local/include  -I./nomad_src -I./sgtelib_src -fpic  -g -O2 -Wall -pedantic -c nomad_src/SMesh.cpp -o nomad_src/SMesh.o
g++ -std=gnu++14 -I"/usr/local/apps/R/ubuntu_20.04/4.2.2/lib64/R/include" -DNDEBUG   -I/usr/local/include  -I./nomad_src -I./sgtelib_src -fpic  -g -O2 -Wall -pedantic -c nomad_src/TrendMatrix_Line_Search.cpp -o nomad_src/TrendMatrix_Line_Search.o
g++ -std=gnu++14 -I"/usr/local/apps/R/ubuntu_20.04/4.2.2/lib64/R/include" -DNDEBUG   -I/usr/local/include  -I./nomad_src -I./sgtelib_src -fpic  -g -O2 -Wall -pedantic -c nomad_src/GMesh.cpp -o nomad_src/GMesh.o
g++ -std=gnu++14 -I"/usr/local/apps/R/ubuntu_20.04/4.2.2/lib64/R/include" -DNDEBUG   -I/usr/local/include  -I./nomad_src -I./sgtelib_src -fpic  -g -O2 -Wall -pedantic -c nomad_src/XMesh.cpp -o nomad_src/XMesh.o
g++ -std=gnu++14 -I"/usr/local/apps/R/ubuntu_20.04/4.2.2/lib64/R/include" -DNDEBUG   -I/usr/local/include  -I./nomad_src -I./sgtelib_src -fpic  -g -O2 -Wall -pedantic -c nomad_src/utils.cpp -o nomad_src/utils.o
g++ -std=gnu++14 -I"/usr/local/apps/R/ubuntu_20.04/4.2.2/lib64/R/include" -DNDEBUG   -I/usr/local/include  -I./nomad_src -I./sgtelib_src -fpic  -g -O2 -Wall -pedantic -c nomad_src/Variable_Group.cpp -o nomad_src/Variable_Group.o
g++ -std=gnu++14 -I"/usr/local/apps/R/ubuntu_20.04/4.2.2/lib64/R/include" -DNDEBUG   -I/usr/local/include  -I./nomad_src -I./sgtelib_src -fpic  -g -O2 -Wall -pedantic -c nomad_src/VNS_Search.cpp -o nomad_src/VNS_Search.o
g++ -std=gnu++14 -I"/usr/local/apps/R/ubuntu_20.04/4.2.2/lib64/R/include" -DNDEBUG   -I/usr/local/include  -I./nomad_src -I./sgtelib_src -fpic  -g -O2 -Wall -pedantic -c sgtelib_src/TrainingSet.cpp -o sgtelib_src/TrainingSet.o
g++ -std=gnu++14 -I"/usr/local/apps/R/ubuntu_20.04/4.2.2/lib64/R/include" -DNDEBUG   -I/usr/local/include  -I./nomad_src -I./sgtelib_src -fpic  -g -O2 -Wall -pedantic -c sgtelib_src/Surrogate_Parameters.cpp -o sgtelib_src/Surrogate_Parameters.o
g++ -std=gnu++14 -I"/usr/local/apps/R/ubuntu_20.04/4.2.2/lib64/R/include" -DNDEBUG   -I/usr/local/include  -I./nomad_src -I./sgtelib_src -fpic  -g -O2 -Wall -pedantic -c sgtelib_src/Surrogate_KS.cpp -o sgtelib_src/Surrogate_KS.o
g++ -std=gnu++14 -I"/usr/local/apps/R/ubuntu_20.04/4.2.2/lib64/R/include" -DNDEBUG   -I/usr/local/include  -I./nomad_src -I./sgtelib_src -fpic  -g -O2 -Wall -pedantic -c sgtelib_src/Surrogate_RBF.cpp -o sgtelib_src/Surrogate_RBF.o
g++ -std=gnu++14 -I"/usr/local/apps/R/ubuntu_20.04/4.2.2/lib64/R/include" -DNDEBUG   -I/usr/local/include  -I./nomad_src -I./sgtelib_src -fpic  -g -O2 -Wall -pedantic -c sgtelib_src/Surrogate_PRS.cpp -o sgtelib_src/Surrogate_PRS.o
g++ -std=gnu++14 -I"/usr/local/apps/R/ubuntu_20.04/4.2.2/lib64/R/include" -DNDEBUG   -I/usr/local/include  -I./nomad_src -I./sgtelib_src -fpic  -g -O2 -Wall -pedantic -c sgtelib_src/Surrogate_PRS_EDGE.cpp -o sgtelib_src/Surrogate_PRS_EDGE.o
g++ -std=gnu++14 -I"/usr/local/apps/R/ubuntu_20.04/4.2.2/lib64/R/include" -DNDEBUG   -I/usr/local/include  -I./nomad_src -I./sgtelib_src -fpic  -g -O2 -Wall -pedantic -c sgtelib_src/Surrogate_LOWESS.cpp -o sgtelib_src/Surrogate_LOWESS.o
g++ -std=gnu++14 -I"/usr/local/apps/R/ubuntu_20.04/4.2.2/lib64/R/include" -DNDEBUG   -I/usr/local/include  -I./nomad_src -I./sgtelib_src -fpic  -g -O2 -Wall -pedantic -c sgtelib_src/Surrogate_Kriging.cpp -o sgtelib_src/Surrogate_Kriging.o
g++ -std=gnu++14 -I"/usr/local/apps/R/ubuntu_20.04/4.2.2/lib64/R/include" -DNDEBUG   -I/usr/local/include  -I./nomad_src -I./sgtelib_src -fpic  -g -O2 -Wall -pedantic -c sgtelib_src/Surrogate_PRS_CAT.cpp -o sgtelib_src/Surrogate_PRS_CAT.o
g++ -std=gnu++14 -I"/usr/local/apps/R/ubuntu_20.04/4.2.2/lib64/R/include" -DNDEBUG   -I/usr/local/include  -I./nomad_src -I./sgtelib_src -fpic  -g -O2 -Wall -pedantic -c sgtelib_src/Surrogate_Ensemble.cpp -o sgtelib_src/Surrogate_Ensemble.o
g++ -std=gnu++14 -I"/usr/local/apps/R/ubuntu_20.04/4.2.2/lib64/R/include" -DNDEBUG   -I/usr/local/include  -I./nomad_src -I./sgtelib_src -fpic  -g -O2 -Wall -pedantic -c sgtelib_src/Surrogate_CN.cpp -o sgtelib_src/Surrogate_CN.o
g++ -std=gnu++14 -I"/usr/local/apps/R/ubuntu_20.04/4.2.2/lib64/R/include" -DNDEBUG   -I/usr/local/include  -I./nomad_src -I./sgtelib_src -fpic  -g -O2 -Wall -pedantic -c sgtelib_src/Surrogate.cpp -o sgtelib_src/Surrogate.o
g++ -std=gnu++14 -I"/usr/local/apps/R/ubuntu_20.04/4.2.2/lib64/R/include" -DNDEBUG   -I/usr/local/include  -I./nomad_src -I./sgtelib_src -fpic  -g -O2 -Wall -pedantic -c sgtelib_src/Matrix.cpp -o sgtelib_src/Matrix.o
g++ -std=gnu++14 -I"/usr/local/apps/R/ubuntu_20.04/4.2.2/lib64/R/include" -DNDEBUG   -I/usr/local/include  -I./nomad_src -I./sgtelib_src -fpic  -g -O2 -Wall -pedantic -c sgtelib_src/Kernel.cpp -o sgtelib_src/Kernel.o
g++ -std=gnu++14 -I"/usr/local/apps/R/ubuntu_20.04/4.2.2/lib64/R/include" -DNDEBUG   -I/usr/local/include  -I./nomad_src -I./sgtelib_src -fpic  -g -O2 -Wall -pedantic -c sgtelib_src/Surrogate_Utils.cpp -o sgtelib_src/Surrogate_Utils.o
g++ -std=gnu++14 -I"/usr/local/apps/R/ubuntu_20.04/4.2.2/lib64/R/include" -DNDEBUG   -I/usr/local/include  -I./nomad_src -I./sgtelib_src -fpic  -g -O2 -Wall -pedantic -c sgtelib_src/Surrogate_Factory.cpp -o sgtelib_src/Surrogate_Factory.o
g++ -std=gnu++14 -I"/usr/local/apps/R/ubuntu_20.04/4.2.2/lib64/R/include" -DNDEBUG   -I/usr/local/include  -I./nomad_src -I./sgtelib_src -fpic  -g -O2 -Wall -pedantic -c sgtelib_src/Tests.cpp -o sgtelib_src/Tests.o
g++ -std=gnu++14 -I"/usr/local/apps/R/ubuntu_20.04/4.2.2/lib64/R/include" -DNDEBUG   -I/usr/local/include  -I./nomad_src -I./sgtelib_src -fpic  -g -O2 -Wall -pedantic -c sgtelib_src/sgtelib_help.cpp -o sgtelib_src/sgtelib_help.o
g++ -std=gnu++14 -I"/usr/local/apps/R/ubuntu_20.04/4.2.2/lib64/R/include" -DNDEBUG   -I/usr/local/include  -I./nomad_src -I./sgtelib_src -fpic  -g -O2 -Wall -pedantic -c sgtelib_src/Metrics.cpp -o sgtelib_src/Metrics.o
g++ -std=gnu++14 -I"/usr/local/apps/R/ubuntu_20.04/4.2.2/lib64/R/include" -DNDEBUG   -I/usr/local/include  -I./nomad_src -I./sgtelib_src -fpic  -g -O2 -Wall -pedantic -c sgtelib_src/sgtelib.cpp -o sgtelib_src/sgtelib.o
g++ -std=gnu++14 -shared -L/usr/local/apps/R/ubuntu_20.04/4.2.2/lib64/R/lib -L/usr/local/lib64 -o crs.so RuniqueCombs.o bspline.o gsl_bspline.o snomadr.o crs_init.o mgcv.o ./nomad_src/nomad.o ./nomad_src/Algo_Parameters.o ./nomad_src/Barrier.o ./nomad_src/Cache.o ./nomad_src/Cache_File_Point.o ./nomad_src/Cache_Point.o ./nomad_src/Cache_Search.o ./nomad_src/Clock.o ./nomad_src/Direction.o ./nomad_src/Directions.o ./nomad_src/Display.o ./nomad_src/Double.o ./nomad_src/Eval_Point.o ./nomad_src/Evaluator.o ./nomad_src/Evaluator_Control.o ./nomad_src/Extended_Poll.o ./nomad_src/L_Curve.o ./nomad_src/LH_Search.o ./nomad_src/Mads.o ./nomad_src/OrthogonalMesh.o ./nomad_src/Model_Sorted_Point.o ./nomad_src/Model_Stats.o ./nomad_src/Multi_Obj_Evaluator.o ./nomad_src/NelderMead_Search.o ./nomad_src/NelderMead_Simplex_Eval_Point.o ./nomad_src/Parameters.o ./nomad_src/Parameter_Entries.o ./nomad_src/Parameter_Entry.o ./nomad_src/Pareto_Front.o ./nomad_src/Pareto_Point.o ./nomad_src/Phase_One_Evaluator.o ./nomad_src/Phase_One_Search.o ./nomad_src/Point.o ./nomad_src/Priority_Eval_Point.o ./nomad_src/Quad_Model.o ./nomad_src/Quad_Model_Evaluator.o ./nomad_src/Quad_Model_Search.o ./nomad_src/Random_Pickup.o ./nomad_src/RNG.o ./nomad_src/Sgtelib_Model_Evaluator.o ./nomad_src/Sgtelib_Model_Search.o ./nomad_src/Sgtelib_Model_Manager.o ./nomad_src/Signature.o ./nomad_src/Slave.o ./nomad_src/Speculative_Search.o ./nomad_src/Stats.o ./nomad_src/SMesh.o ./nomad_src/TrendMatrix_Line_Search.o ./nomad_src/GMesh.o ./nomad_src/XMesh.o ./nomad_src/utils.o ./nomad_src/Variable_Group.o ./nomad_src/VNS_Search.o ./sgtelib_src/TrainingSet.o ./sgtelib_src/Surrogate_Parameters.o ./sgtelib_src/Surrogate_KS.o ./sgtelib_src/Surrogate_RBF.o ./sgtelib_src/Surrogate_PRS.o ./sgtelib_src/Surrogate_PRS_EDGE.o ./sgtelib_src/Surrogate_LOWESS.o ./sgtelib_src/Surrogate_Kriging.o ./sgtelib_src/Surrogate_PRS_CAT.o ./sgtelib_src/Surrogate_Ensemble.o ./sgtelib_src/Surrogate_CN.o ./sgtelib_src/Surrogate.o ./sgtelib_src/Matrix.o ./sgtelib_src/Kernel.o ./sgtelib_src/Surrogate_Utils.o ./sgtelib_src/Surrogate_Factory.o ./sgtelib_src/Tests.o ./sgtelib_src/sgtelib_help.o ./sgtelib_src/Metrics.o ./sgtelib_src/sgtelib.o -L/usr/local/apps/R/ubuntu_20.04/4.2.2/lib64/R/lib -lR
make[2]: Leaving directory '/tmp/RtmpKGpj0C/R.INSTALL11c8326aa6815/crs/src'
installing to /home/kingaa/projects/Rpkg/subplex/revdep/Library/00LOCK-crs/00new/crs/libs
** R
** data
** demo
** inst
** byte-compile and prepare package for lazy loading
** help
*** installing help indices
** building package indices
** installing vignettes
** testing if installed package can be loaded from temporary location
** checking absolute paths in shared objects and dynamic libraries
** testing if installed package can be loaded from final location
** testing if installed package keeps a record of temporary installation path
* DONE (crs)
