* installing *source* package 'ucminf' ...
** package 'ucminf' successfully unpacked and MD5 sums checked
** using staged installation
** libs
make[2]: Entering directory '/tmp/Rtmp9uV3Y3/R.INSTALL121224ff38361/ucminf/src'
gfortran -fno-optimize-sibling-calls  -fpic  -g -O2 -Wall -pedantic -fbounds-check -mtune=native -c fortran.f -o fortran.o
fortran.f:76:72:

   76 |   10          W(I+4) = DBLE(INDX(I))
      |                                                                        1
Warning: Fortran 2018 deleted feature: DO termination statement which is not END DO or CONTINUE with label 10 at (1)
fortran.f:105:72:

  105 |   20        W(I) = 0D0
      |                                                                        1
Warning: Fortran 2018 deleted feature: DO termination statement which is not END DO or CONTINUE with label 20 at (1)
fortran.f:403:72:

  403 |   10      DIFF(I) = 0D0
      |                                                                        1
Warning: Fortran 2018 deleted feature: DO termination statement which is not END DO or CONTINUE with label 10 at (1)
fortran.f:405:72:

  405 |   20      INDX(I) = 0
      |                                                                        1
Warning: Fortran 2018 deleted feature: DO termination statement which is not END DO or CONTINUE with label 20 at (1)
gcc -I"/usr/local/apps/R/ubuntu_20.04/4.2.2/lib64/R/include" -DNDEBUG   -I/usr/local/include   -fpic  -g -O2 -Wall -pedantic -c interface.c -o interface.o
gcc -shared -L/usr/local/apps/R/ubuntu_20.04/4.2.2/lib64/R/lib -L/usr/local/lib64 -o ucminf.so fortran.o interface.o -lopenblas -lgfortran -lm -lquadmath -lgfortran -lm -lquadmath -L/usr/local/apps/R/ubuntu_20.04/4.2.2/lib64/R/lib -lR
make[2]: Leaving directory '/tmp/Rtmp9uV3Y3/R.INSTALL121224ff38361/ucminf/src'
installing to /home/kingaa/projects/Rpkg/subplex/revdep/Library/00LOCK-ucminf/00new/ucminf/libs
** R
** inst
** byte-compile and prepare package for lazy loading
** help
*** installing help indices
** building package indices
** testing if installed package can be loaded from temporary location
** checking absolute paths in shared objects and dynamic libraries
** testing if installed package can be loaded from final location
** testing if installed package keeps a record of temporary installation path
* DONE (ucminf)
