* installing *source* package 'DEoptim' ...
** package 'DEoptim' successfully unpacked and MD5 sums checked
** using staged installation
** libs
make[2]: Entering directory '/tmp/Rtmp3q7zJZ/R.INSTALL11e641c1bf6c5/DEoptim/src'
gcc -I"/usr/local/apps/R/ubuntu_20.04/4.2.2/lib64/R/include" -DNDEBUG   -I/usr/local/include   -fpic  -g -O2 -Wall -pedantic -c DEoptim_init.c -o DEoptim_init.o
gcc -I"/usr/local/apps/R/ubuntu_20.04/4.2.2/lib64/R/include" -DNDEBUG   -I/usr/local/include   -fpic  -g -O2 -Wall -pedantic -c de4_0.c -o de4_0.o
gcc -I"/usr/local/apps/R/ubuntu_20.04/4.2.2/lib64/R/include" -DNDEBUG   -I/usr/local/include   -fpic  -g -O2 -Wall -pedantic -c evaluate.c -o evaluate.o
gcc -I"/usr/local/apps/R/ubuntu_20.04/4.2.2/lib64/R/include" -DNDEBUG   -I/usr/local/include   -fpic  -g -O2 -Wall -pedantic -c get_element.c -o get_element.o
gcc -shared -L/usr/local/apps/R/ubuntu_20.04/4.2.2/lib64/R/lib -L/usr/local/lib64 -o DEoptim.so DEoptim_init.o de4_0.o evaluate.o get_element.o -L/usr/local/apps/R/ubuntu_20.04/4.2.2/lib64/R/lib -lR
make[2]: Leaving directory '/tmp/Rtmp3q7zJZ/R.INSTALL11e641c1bf6c5/DEoptim/src'
installing to /home/kingaa/projects/Rpkg/subplex/revdep/Library/00LOCK-DEoptim/00new/DEoptim/libs
** R
** data
** demo
** inst
** byte-compile and prepare package for lazy loading
** help
*** installing help indices
** building package indices
** testing if installed package can be loaded from temporary location
** checking absolute paths in shared objects and dynamic libraries
** testing if installed package can be loaded from final location
** testing if installed package keeps a record of temporary installation path
* DONE (DEoptim)
