* installing *source* package 'gmp' ...
** package 'gmp' successfully unpacked and MD5 sums checked
** using staged installation
checking for gcc... gcc
checking whether the C compiler works... yes
checking for C compiler default output file name... a.out
checking for suffix of executables... 
checking whether we are cross compiling... no
checking for suffix of object files... o
checking whether we are using the GNU C compiler... yes
checking whether gcc accepts -g... yes
checking for gcc option to accept ISO C89... none needed
checking how to run the C preprocessor... gcc -E
checking whether we are using the GNU C++ compiler... yes
checking whether g++ -std=gnu++14 accepts -g... yes
checking for grep that handles long lines and -e... /usr/bin/grep
checking for egrep... /usr/bin/grep -E
checking for ANSI C header files... yes
checking for sys/types.h... yes
checking for sys/stat.h... yes
checking for stdlib.h... yes
checking for string.h... yes
checking for memory.h... yes
checking for strings.h... yes
checking for inttypes.h... yes
checking for stdint.h... yes
checking for unistd.h... yes
checking gmp.h usability... yes
checking gmp.h presence... yes
checking for gmp.h... yes
checking for __gmpz_ui_sub in -lgmp... yes
configure: creating ./config.status
config.status: creating src/Makevars
** libs
make[2]: Entering directory '/tmp/RtmpziFUlW/R.INSTALL5b10507a17f3/gmp/src'
g++ -std=gnu++14 -I"/usr/local/apps/R/ubuntu_20.04/4.2.2/lib64/R/include" -DNDEBUG -I/usr/local/include  -I/usr/local/include   -fpic  -g -O2 -Wall -pedantic -c apply.cc -o apply.o
g++ -std=gnu++14 -I"/usr/local/apps/R/ubuntu_20.04/4.2.2/lib64/R/include" -DNDEBUG -I/usr/local/include  -I/usr/local/include   -fpic  -g -O2 -Wall -pedantic -c biginteger.cc -o biginteger.o
g++ -std=gnu++14 -I"/usr/local/apps/R/ubuntu_20.04/4.2.2/lib64/R/include" -DNDEBUG -I/usr/local/include  -I/usr/local/include   -fpic  -g -O2 -Wall -pedantic -c bigintegerR.cc -o bigintegerR.o
g++ -std=gnu++14 -I"/usr/local/apps/R/ubuntu_20.04/4.2.2/lib64/R/include" -DNDEBUG -I/usr/local/include  -I/usr/local/include   -fpic  -g -O2 -Wall -pedantic -c bigmod.cc -o bigmod.o
g++ -std=gnu++14 -I"/usr/local/apps/R/ubuntu_20.04/4.2.2/lib64/R/include" -DNDEBUG -I/usr/local/include  -I/usr/local/include   -fpic  -g -O2 -Wall -pedantic -c bigrational.cc -o bigrational.o
g++ -std=gnu++14 -I"/usr/local/apps/R/ubuntu_20.04/4.2.2/lib64/R/include" -DNDEBUG -I/usr/local/include  -I/usr/local/include   -fpic  -g -O2 -Wall -pedantic -c bigrationalR.cc -o bigrationalR.o
g++ -std=gnu++14 -I"/usr/local/apps/R/ubuntu_20.04/4.2.2/lib64/R/include" -DNDEBUG -I/usr/local/include  -I/usr/local/include   -fpic  -g -O2 -Wall -pedantic -c bigvec.cc -o bigvec.o
g++ -std=gnu++14 -I"/usr/local/apps/R/ubuntu_20.04/4.2.2/lib64/R/include" -DNDEBUG -I/usr/local/include  -I/usr/local/include   -fpic  -g -O2 -Wall -pedantic -c bigvec_q.cc -o bigvec_q.o
g++ -std=gnu++14 -I"/usr/local/apps/R/ubuntu_20.04/4.2.2/lib64/R/include" -DNDEBUG -I/usr/local/include  -I/usr/local/include   -fpic  -g -O2 -Wall -pedantic -c extract_matrix.cc -o extract_matrix.o
g++ -std=gnu++14 -I"/usr/local/apps/R/ubuntu_20.04/4.2.2/lib64/R/include" -DNDEBUG -I/usr/local/include  -I/usr/local/include   -fpic  -g -O2 -Wall -pedantic -c factor.cc -o factor.o
g++ -std=gnu++14 -I"/usr/local/apps/R/ubuntu_20.04/4.2.2/lib64/R/include" -DNDEBUG -I/usr/local/include  -I/usr/local/include   -fpic  -g -O2 -Wall -pedantic -c factorize.cc -o factorize.o
g++ -std=gnu++14 -I"/usr/local/apps/R/ubuntu_20.04/4.2.2/lib64/R/include" -DNDEBUG -I/usr/local/include  -I/usr/local/include   -fpic  -g -O2 -Wall -pedantic -c init.cc -o init.o
g++ -std=gnu++14 -I"/usr/local/apps/R/ubuntu_20.04/4.2.2/lib64/R/include" -DNDEBUG -I/usr/local/include  -I/usr/local/include   -fpic  -g -O2 -Wall -pedantic -c matrix.cc -o matrix.o
g++ -std=gnu++14 -I"/usr/local/apps/R/ubuntu_20.04/4.2.2/lib64/R/include" -DNDEBUG -I/usr/local/include  -I/usr/local/include   -fpic  -g -O2 -Wall -pedantic -c matrixq.cc -o matrixq.o
g++ -std=gnu++14 -I"/usr/local/apps/R/ubuntu_20.04/4.2.2/lib64/R/include" -DNDEBUG -I/usr/local/include  -I/usr/local/include   -fpic  -g -O2 -Wall -pedantic -c solve.cc -o solve.o
g++ -std=gnu++14 -shared -L/usr/local/apps/R/ubuntu_20.04/4.2.2/lib64/R/lib -L/usr/local/lib64 -o gmp.so apply.o biginteger.o bigintegerR.o bigmod.o bigrational.o bigrationalR.o bigvec.o bigvec_q.o extract_matrix.o factor.o factorize.o init.o matrix.o matrixq.o solve.o -lgmp -L/usr/local/apps/R/ubuntu_20.04/4.2.2/lib64/R/lib -lR
make[2]: Leaving directory '/tmp/RtmpziFUlW/R.INSTALL5b10507a17f3/gmp/src'
installing to /home/kingaa/projects/Rpkg/subplex/revdep/Library/00LOCK-gmp/00new/gmp/libs
** R
** data
** byte-compile and prepare package for lazy loading
Creating a generic function for 'which.max' from package 'base' in package 'gmp'
Creating a generic function for 'which.min' from package 'base' in package 'gmp'
** help
*** installing help indices
** building package indices
** testing if installed package can be loaded from temporary location
** checking absolute paths in shared objects and dynamic libraries
** testing if installed package can be loaded from final location
** testing if installed package keeps a record of temporary installation path
* DONE (gmp)
