* installing *source* package 'lbfgs' ...
** package 'lbfgs' successfully unpacked and MD5 sums checked
** using staged installation
** libs
make[2]: Entering directory '/tmp/Rtmpg7TnAt/R.INSTALL12e04664b7bf8/lbfgs/src'
g++ -std=gnu++14 -I"/usr/local/apps/R/ubuntu_20.04/4.2.2/lib64/R/include" -DNDEBUG  -I'/home/kingaa/R/x86_64-pc-linux-gnu-library/4.2/Rcpp/include' -I/usr/local/include   -fpic  -g -O2 -Wall -pedantic -c RcppExports.cpp -o RcppExports.o
gcc -I"/usr/local/apps/R/ubuntu_20.04/4.2.2/lib64/R/include" -DNDEBUG  -I'/home/kingaa/R/x86_64-pc-linux-gnu-library/4.2/Rcpp/include' -I/usr/local/include   -fpic  -g -O2 -Wall -pedantic -c RegisterDynamicSymbol.c -o RegisterDynamicSymbol.o
g++ -std=gnu++14 -I"/usr/local/apps/R/ubuntu_20.04/4.2.2/lib64/R/include" -DNDEBUG  -I'/home/kingaa/R/x86_64-pc-linux-gnu-library/4.2/Rcpp/include' -I/usr/local/include   -fpic  -g -O2 -Wall -pedantic -c lbfgs.cc -o lbfgs.o
g++ -std=gnu++14 -shared -L/usr/local/apps/R/ubuntu_20.04/4.2.2/lib64/R/lib -L/usr/local/lib64 -o lbfgs.so RcppExports.o RegisterDynamicSymbol.o lbfgs.o -L/usr/local/apps/R/ubuntu_20.04/4.2.2/lib64/R/lib -lR
make[2]: Leaving directory '/tmp/Rtmpg7TnAt/R.INSTALL12e04664b7bf8/lbfgs/src'
installing to /home/kingaa/projects/Rpkg/subplex/revdep/Library/00LOCK-lbfgs/00new/lbfgs/libs
** R
** data
** inst
** byte-compile and prepare package for lazy loading
** help
*** installing help indices
** building package indices
** installing vignettes
** testing if installed package can be loaded from temporary location
** checking absolute paths in shared objects and dynamic libraries
** testing if installed package can be loaded from final location
** testing if installed package keeps a record of temporary installation path
* DONE (lbfgs)
