* installing *source* package 'dbscan' ...
** package 'dbscan' successfully unpacked and MD5 sums checked
** using staged installation
** libs
make[2]: Entering directory '/tmp/RtmpfilHHA/R.INSTALL116fb13e90f76/dbscan/src'
g++ -std=gnu++11 -I"/usr/local/apps/R/ubuntu_20.04/4.2.2/lib64/R/include" -DNDEBUG  -I'/home/kingaa/R/x86_64-pc-linux-gnu-library/4.2/Rcpp/include' -I/usr/local/include   -fpic  -g -O2  -c ANN.cpp -o ANN.o
g++ -std=gnu++11 -I"/usr/local/apps/R/ubuntu_20.04/4.2.2/lib64/R/include" -DNDEBUG  -I'/home/kingaa/R/x86_64-pc-linux-gnu-library/4.2/Rcpp/include' -I/usr/local/include   -fpic  -g -O2  -c R_JP.cpp -o R_JP.o
g++ -std=gnu++11 -I"/usr/local/apps/R/ubuntu_20.04/4.2.2/lib64/R/include" -DNDEBUG  -I'/home/kingaa/R/x86_64-pc-linux-gnu-library/4.2/Rcpp/include' -I/usr/local/include   -fpic  -g -O2  -c R_buildHDBSCAN.cpp -o R_buildHDBSCAN.o
g++ -std=gnu++11 -I"/usr/local/apps/R/ubuntu_20.04/4.2.2/lib64/R/include" -DNDEBUG  -I'/home/kingaa/R/x86_64-pc-linux-gnu-library/4.2/Rcpp/include' -I/usr/local/include   -fpic  -g -O2  -c R_cleanup.cpp -o R_cleanup.o
g++ -std=gnu++11 -I"/usr/local/apps/R/ubuntu_20.04/4.2.2/lib64/R/include" -DNDEBUG  -I'/home/kingaa/R/x86_64-pc-linux-gnu-library/4.2/Rcpp/include' -I/usr/local/include   -fpic  -g -O2  -c R_comps.cpp -o R_comps.o
g++ -std=gnu++11 -I"/usr/local/apps/R/ubuntu_20.04/4.2.2/lib64/R/include" -DNDEBUG  -I'/home/kingaa/R/x86_64-pc-linux-gnu-library/4.2/Rcpp/include' -I/usr/local/include   -fpic  -g -O2  -c R_dbscan.cpp -o R_dbscan.o
g++ -std=gnu++11 -I"/usr/local/apps/R/ubuntu_20.04/4.2.2/lib64/R/include" -DNDEBUG  -I'/home/kingaa/R/x86_64-pc-linux-gnu-library/4.2/Rcpp/include' -I/usr/local/include   -fpic  -g -O2  -c R_dendrogram.cpp -o R_dendrogram.o
g++ -std=gnu++11 -I"/usr/local/apps/R/ubuntu_20.04/4.2.2/lib64/R/include" -DNDEBUG  -I'/home/kingaa/R/x86_64-pc-linux-gnu-library/4.2/Rcpp/include' -I/usr/local/include   -fpic  -g -O2  -c R_density.cpp -o R_density.o
g++ -std=gnu++11 -I"/usr/local/apps/R/ubuntu_20.04/4.2.2/lib64/R/include" -DNDEBUG  -I'/home/kingaa/R/x86_64-pc-linux-gnu-library/4.2/Rcpp/include' -I/usr/local/include   -fpic  -g -O2  -c R_frNN.cpp -o R_frNN.o
g++ -std=gnu++11 -I"/usr/local/apps/R/ubuntu_20.04/4.2.2/lib64/R/include" -DNDEBUG  -I'/home/kingaa/R/x86_64-pc-linux-gnu-library/4.2/Rcpp/include' -I/usr/local/include   -fpic  -g -O2  -c R_kNN.cpp -o R_kNN.o
g++ -std=gnu++11 -I"/usr/local/apps/R/ubuntu_20.04/4.2.2/lib64/R/include" -DNDEBUG  -I'/home/kingaa/R/x86_64-pc-linux-gnu-library/4.2/Rcpp/include' -I/usr/local/include   -fpic  -g -O2  -c R_lof.cpp -o R_lof.o
g++ -std=gnu++11 -I"/usr/local/apps/R/ubuntu_20.04/4.2.2/lib64/R/include" -DNDEBUG  -I'/home/kingaa/R/x86_64-pc-linux-gnu-library/4.2/Rcpp/include' -I/usr/local/include   -fpic  -g -O2  -c R_mrd.cpp -o R_mrd.o
g++ -std=gnu++11 -I"/usr/local/apps/R/ubuntu_20.04/4.2.2/lib64/R/include" -DNDEBUG  -I'/home/kingaa/R/x86_64-pc-linux-gnu-library/4.2/Rcpp/include' -I/usr/local/include   -fpic  -g -O2  -c R_optics.cpp -o R_optics.o
g++ -std=gnu++11 -I"/usr/local/apps/R/ubuntu_20.04/4.2.2/lib64/R/include" -DNDEBUG  -I'/home/kingaa/R/x86_64-pc-linux-gnu-library/4.2/Rcpp/include' -I/usr/local/include   -fpic  -g -O2  -c R_prims_mst.cpp -o R_prims_mst.o
g++ -std=gnu++11 -I"/usr/local/apps/R/ubuntu_20.04/4.2.2/lib64/R/include" -DNDEBUG  -I'/home/kingaa/R/x86_64-pc-linux-gnu-library/4.2/Rcpp/include' -I/usr/local/include   -fpic  -g -O2  -c R_regionQuery.cpp -o R_regionQuery.o
g++ -std=gnu++11 -I"/usr/local/apps/R/ubuntu_20.04/4.2.2/lib64/R/include" -DNDEBUG  -I'/home/kingaa/R/x86_64-pc-linux-gnu-library/4.2/Rcpp/include' -I/usr/local/include   -fpic  -g -O2  -c RcppExports.cpp -o RcppExports.o
g++ -std=gnu++11 -I"/usr/local/apps/R/ubuntu_20.04/4.2.2/lib64/R/include" -DNDEBUG  -I'/home/kingaa/R/x86_64-pc-linux-gnu-library/4.2/Rcpp/include' -I/usr/local/include   -fpic  -g -O2  -c bd_fix_rad_search.cpp -o bd_fix_rad_search.o
g++ -std=gnu++11 -I"/usr/local/apps/R/ubuntu_20.04/4.2.2/lib64/R/include" -DNDEBUG  -I'/home/kingaa/R/x86_64-pc-linux-gnu-library/4.2/Rcpp/include' -I/usr/local/include   -fpic  -g -O2  -c bd_pr_search.cpp -o bd_pr_search.o
g++ -std=gnu++11 -I"/usr/local/apps/R/ubuntu_20.04/4.2.2/lib64/R/include" -DNDEBUG  -I'/home/kingaa/R/x86_64-pc-linux-gnu-library/4.2/Rcpp/include' -I/usr/local/include   -fpic  -g -O2  -c bd_search.cpp -o bd_search.o
g++ -std=gnu++11 -I"/usr/local/apps/R/ubuntu_20.04/4.2.2/lib64/R/include" -DNDEBUG  -I'/home/kingaa/R/x86_64-pc-linux-gnu-library/4.2/Rcpp/include' -I/usr/local/include   -fpic  -g -O2  -c bd_tree.cpp -o bd_tree.o
g++ -std=gnu++11 -I"/usr/local/apps/R/ubuntu_20.04/4.2.2/lib64/R/include" -DNDEBUG  -I'/home/kingaa/R/x86_64-pc-linux-gnu-library/4.2/Rcpp/include' -I/usr/local/include   -fpic  -g -O2  -c brute.cpp -o brute.o
g++ -std=gnu++11 -I"/usr/local/apps/R/ubuntu_20.04/4.2.2/lib64/R/include" -DNDEBUG  -I'/home/kingaa/R/x86_64-pc-linux-gnu-library/4.2/Rcpp/include' -I/usr/local/include   -fpic  -g -O2  -c kd_dump.cpp -o kd_dump.o
g++ -std=gnu++11 -I"/usr/local/apps/R/ubuntu_20.04/4.2.2/lib64/R/include" -DNDEBUG  -I'/home/kingaa/R/x86_64-pc-linux-gnu-library/4.2/Rcpp/include' -I/usr/local/include   -fpic  -g -O2  -c kd_fix_rad_search.cpp -o kd_fix_rad_search.o
g++ -std=gnu++11 -I"/usr/local/apps/R/ubuntu_20.04/4.2.2/lib64/R/include" -DNDEBUG  -I'/home/kingaa/R/x86_64-pc-linux-gnu-library/4.2/Rcpp/include' -I/usr/local/include   -fpic  -g -O2  -c kd_pr_search.cpp -o kd_pr_search.o
g++ -std=gnu++11 -I"/usr/local/apps/R/ubuntu_20.04/4.2.2/lib64/R/include" -DNDEBUG  -I'/home/kingaa/R/x86_64-pc-linux-gnu-library/4.2/Rcpp/include' -I/usr/local/include   -fpic  -g -O2  -c kd_search.cpp -o kd_search.o
g++ -std=gnu++11 -I"/usr/local/apps/R/ubuntu_20.04/4.2.2/lib64/R/include" -DNDEBUG  -I'/home/kingaa/R/x86_64-pc-linux-gnu-library/4.2/Rcpp/include' -I/usr/local/include   -fpic  -g -O2  -c kd_split.cpp -o kd_split.o
g++ -std=gnu++11 -I"/usr/local/apps/R/ubuntu_20.04/4.2.2/lib64/R/include" -DNDEBUG  -I'/home/kingaa/R/x86_64-pc-linux-gnu-library/4.2/Rcpp/include' -I/usr/local/include   -fpic  -g -O2  -c kd_tree.cpp -o kd_tree.o
g++ -std=gnu++11 -I"/usr/local/apps/R/ubuntu_20.04/4.2.2/lib64/R/include" -DNDEBUG  -I'/home/kingaa/R/x86_64-pc-linux-gnu-library/4.2/Rcpp/include' -I/usr/local/include   -fpic  -g -O2  -c kd_util.cpp -o kd_util.o
g++ -std=gnu++11 -I"/usr/local/apps/R/ubuntu_20.04/4.2.2/lib64/R/include" -DNDEBUG  -I'/home/kingaa/R/x86_64-pc-linux-gnu-library/4.2/Rcpp/include' -I/usr/local/include   -fpic  -g -O2  -c perf.cpp -o perf.o
g++ -std=gnu++11 -I"/usr/local/apps/R/ubuntu_20.04/4.2.2/lib64/R/include" -DNDEBUG  -I'/home/kingaa/R/x86_64-pc-linux-gnu-library/4.2/Rcpp/include' -I/usr/local/include   -fpic  -g -O2  -c union_find.cpp -o union_find.o
g++ -std=gnu++11 -shared -L/usr/local/apps/R/ubuntu_20.04/4.2.2/lib64/R/lib -L/usr/local/lib64 -o dbscan.so ANN.o R_JP.o R_buildHDBSCAN.o R_cleanup.o R_comps.o R_dbscan.o R_dendrogram.o R_density.o R_frNN.o R_kNN.o R_lof.o R_mrd.o R_optics.o R_prims_mst.o R_regionQuery.o RcppExports.o bd_fix_rad_search.o bd_pr_search.o bd_search.o bd_tree.o brute.o kd_dump.o kd_fix_rad_search.o kd_pr_search.o kd_search.o kd_split.o kd_tree.o kd_util.o perf.o union_find.o -L/usr/local/apps/R/ubuntu_20.04/4.2.2/lib64/R/lib -lR
make[2]: Leaving directory '/tmp/RtmpfilHHA/R.INSTALL116fb13e90f76/dbscan/src'
installing to /home/kingaa/projects/Rpkg/subplex/revdep/Library/00LOCK-dbscan/00new/dbscan/libs
** R
** data
** inst
** byte-compile and prepare package for lazy loading
** help
*** installing help indices
*** copying figures
** building package indices
** installing vignettes
** testing if installed package can be loaded from temporary location
** checking absolute paths in shared objects and dynamic libraries
** testing if installed package can be loaded from final location
** testing if installed package keeps a record of temporary installation path
* DONE (dbscan)
