* installing *source* package 'Rmpfr' ...
** package 'Rmpfr' successfully unpacked and MD5 sums checked
** using staged installation
checking for gcc... gcc
checking whether the C compiler works... yes
checking for C compiler default output file name... a.out
checking for suffix of executables... 
checking whether we are cross compiling... no
checking for suffix of object files... o
checking whether we are using the GNU C compiler... yes
checking whether gcc accepts -g... yes
checking for gcc option to accept ISO C89... none needed
checking how to run the C preprocessor... gcc -E
checking for grep that handles long lines and -e... /usr/bin/grep
checking for egrep... /usr/bin/grep -E
checking for ANSI C header files... yes
checking for sys/types.h... yes
checking for sys/stat.h... yes
checking for stdlib.h... yes
checking for string.h... yes
checking for memory.h... yes
checking for strings.h... yes
checking for inttypes.h... yes
checking for stdint.h... yes
checking for unistd.h... yes
checking mpfr.h usability... no
checking mpfr.h presence... no
checking for mpfr.h... no
configure: error: Header file mpfr.h not found; maybe use --with-mpfr-include=INCLUDE_PATH
ERROR: configuration failed for package 'Rmpfr'
* removing '/home/kingaa/projects/Rpkg/subplex/revdep/Library/Rmpfr'
