* installing *source* package 'smacof' ...
** package 'smacof' successfully unpacked and MD5 sums checked
** using staged installation
** libs
make[2]: Entering directory '/tmp/RtmpVxCNr1/R.INSTALL13bbc5aa29232/smacof/src'
gcc -I"/usr/local/apps/R/ubuntu_20.04/4.2.2/lib64/R/include" -DNDEBUG   -I/usr/local/include   -fpic  -g -O2 -Wall -pedantic -c init.c -o init.o
gcc -I"/usr/local/apps/R/ubuntu_20.04/4.2.2/lib64/R/include" -DNDEBUG   -I/usr/local/include   -fpic  -g -O2 -Wall -pedantic -c nextperm.c -o nextperm.o
nextperm.c: In function ‘permNext’:
nextperm.c:20:27: warning: unused variable ‘s’ [-Wunused-variable]
   20 |  int             i, j, r, s, n = *nn;
      |                           ^
nextperm.c:20:24: warning: unused variable ‘r’ [-Wunused-variable]
   20 |  int             i, j, r, s, n = *nn;
      |                        ^
gcc -I"/usr/local/apps/R/ubuntu_20.04/4.2.2/lib64/R/include" -DNDEBUG   -I/usr/local/include   -fpic  -g -O2 -Wall -pedantic -c weightedMean.c -o weightedMean.o
weightedMean.c: In function ‘weightedMean’:
weightedMean.c:24:7: warning: variable ‘i’ set but not used [-Wunused-but-set-variable]
   24 |   int i, k, l, ind, nprevties;
      |       ^
gcc -I"/usr/local/apps/R/ubuntu_20.04/4.2.2/lib64/R/include" -DNDEBUG   -I/usr/local/include   -fpic  -g -O2 -Wall -pedantic -c wmonreg.c -o wmonreg.o
gcc -shared -L/usr/local/apps/R/ubuntu_20.04/4.2.2/lib64/R/lib -L/usr/local/lib64 -o smacof.so init.o nextperm.o weightedMean.o wmonreg.o -L/usr/local/apps/R/ubuntu_20.04/4.2.2/lib64/R/lib -lR
make[2]: Leaving directory '/tmp/RtmpVxCNr1/R.INSTALL13bbc5aa29232/smacof/src'
installing to /home/kingaa/projects/Rpkg/subplex/revdep/Library/00LOCK-smacof/00new/smacof/libs
** R
** data
*** moving datasets to lazyload DB
** inst
** byte-compile and prepare package for lazy loading
** help
*** installing help indices
** building package indices
** installing vignettes
** testing if installed package can be loaded from temporary location
** checking absolute paths in shared objects and dynamic libraries
** testing if installed package can be loaded from final location
** testing if installed package keeps a record of temporary installation path
* DONE (smacof)
