* installing *source* package 'truncnorm' ...
** package 'truncnorm' successfully unpacked and MD5 sums checked
** using staged installation
** libs
make[2]: Entering directory '/tmp/RtmpoiCzpa/R.INSTALL1170370f14876/truncnorm/src'
gcc -I"/usr/local/apps/R/ubuntu_20.04/4.2.2/lib64/R/include" -DNDEBUG   -I/usr/local/include   -fpic  -g -O2 -Wall -pedantic -c exports.c -o exports.o
gcc -I"/usr/local/apps/R/ubuntu_20.04/4.2.2/lib64/R/include" -DNDEBUG   -I/usr/local/include   -fpic  -g -O2 -Wall -pedantic -c rtruncnorm.c -o rtruncnorm.o
rtruncnorm.c: In function ‘urs_a_b’:
rtruncnorm.c:105:19: warning: unused variable ‘u’ [-Wunused-variable]
  105 |   double x = 0.0, u = 0.0;
      |                   ^
gcc -I"/usr/local/apps/R/ubuntu_20.04/4.2.2/lib64/R/include" -DNDEBUG   -I/usr/local/include   -fpic  -g -O2 -Wall -pedantic -c truncnorm.c -o truncnorm.o
truncnorm.c: In function ‘v_truncnorm’:
truncnorm.c:117:16: warning: unused variable ‘cd’ [-Wunused-variable]
  117 |   const double cd = pi2 - (e2 - mean) * (e2 - mean);
      |                ^~
gcc -I"/usr/local/apps/R/ubuntu_20.04/4.2.2/lib64/R/include" -DNDEBUG   -I/usr/local/include   -fpic  -g -O2 -Wall -pedantic -c zeroin.c -o zeroin.o
gcc -shared -L/usr/local/apps/R/ubuntu_20.04/4.2.2/lib64/R/lib -L/usr/local/lib64 -o truncnorm.so exports.o rtruncnorm.o truncnorm.o zeroin.o -L/usr/local/apps/R/ubuntu_20.04/4.2.2/lib64/R/lib -lR
make[2]: Leaving directory '/tmp/RtmpoiCzpa/R.INSTALL1170370f14876/truncnorm/src'
installing to /home/kingaa/projects/Rpkg/subplex/revdep/Library/00LOCK-truncnorm/00new/truncnorm/libs
** R
** byte-compile and prepare package for lazy loading
** help
*** installing help indices
** building package indices
** testing if installed package can be loaded from temporary location
** checking absolute paths in shared objects and dynamic libraries
** testing if installed package can be loaded from final location
** testing if installed package keeps a record of temporary installation path
* DONE (truncnorm)
