* installing *source* package 'subplex' ...
** package 'subplex' successfully unpacked and MD5 sums checked
** using staged installation
** libs
make[2]: Entering directory '/tmp/RtmpHG1Lf3/R.INSTALL12f634c6c5f8d/subplex/src'
gfortran -fno-optimize-sibling-calls  -fpic  -g -O2 -Wall -pedantic -fbounds-check -mtune=native -c calcc.f -o calcc.o
gcc -I"/usr/local/apps/R/ubuntu_20.04/4.2.2/lib64/R/include" -DNDEBUG   -I/usr/local/include   -fpic  -g -O2 -Wall -pedantic -c call_subplex.c -o call_subplex.o
gfortran -fno-optimize-sibling-calls  -fpic  -g -O2 -Wall -pedantic -fbounds-check -mtune=native -c dist.f -o dist.o
gfortran -fno-optimize-sibling-calls  -fpic  -g -O2 -Wall -pedantic -fbounds-check -mtune=native -c evalf.f -o evalf.o
gcc -I"/usr/local/apps/R/ubuntu_20.04/4.2.2/lib64/R/include" -DNDEBUG   -I/usr/local/include   -fpic  -g -O2 -Wall -pedantic -c init.c -o init.o
gfortran -fno-optimize-sibling-calls  -fpic  -g -O2 -Wall -pedantic -fbounds-check -mtune=native -c newpt.f -o newpt.o
gfortran -fno-optimize-sibling-calls  -fpic  -g -O2 -Wall -pedantic -fbounds-check -mtune=native -c order.f -o order.o
gfortran -fno-optimize-sibling-calls  -fpic  -g -O2 -Wall -pedantic -fbounds-check -mtune=native -c partx.f -o partx.o
gfortran -fno-optimize-sibling-calls  -fpic  -g -O2 -Wall -pedantic -fbounds-check -mtune=native -c setstp.f -o setstp.o
gfortran -fno-optimize-sibling-calls  -fpic  -g -O2 -Wall -pedantic -fbounds-check -mtune=native -c simplx.f -o simplx.o
gfortran -fno-optimize-sibling-calls  -fpic  -g -O2 -Wall -pedantic -fbounds-check -mtune=native -c sortd.f -o sortd.o
gfortran -fno-optimize-sibling-calls  -fpic  -g -O2 -Wall -pedantic -fbounds-check -mtune=native -c start.f -o start.o
gfortran -fno-optimize-sibling-calls  -fpic  -g -O2 -Wall -pedantic -fbounds-check -mtune=native -c subopt.f -o subopt.o
gfortran -fno-optimize-sibling-calls  -fpic  -g -O2 -Wall -pedantic -fbounds-check -mtune=native -c subplx.f -o subplx.o
gcc -shared -L/usr/local/apps/R/ubuntu_20.04/4.2.2/lib64/R/lib -L/usr/local/lib64 -o subplex.so calcc.o call_subplex.o dist.o evalf.o init.o newpt.o order.o partx.o setstp.o simplx.o sortd.o start.o subopt.o subplx.o -lopenblas -lgfortran -lm -lquadmath -lgfortran -lm -lquadmath -L/usr/local/apps/R/ubuntu_20.04/4.2.2/lib64/R/lib -lR
make[2]: Leaving directory '/tmp/RtmpHG1Lf3/R.INSTALL12f634c6c5f8d/subplex/src'
installing to /home/kingaa/projects/Rpkg/subplex/revdep/Library/00LOCK-subplex/00new/subplex/libs
** R
** inst
** byte-compile and prepare package for lazy loading
** help
*** installing help indices
** building package indices
** testing if installed package can be loaded from temporary location
** checking absolute paths in shared objects and dynamic libraries
** testing if installed package can be loaded from final location
** testing if installed package keeps a record of temporary installation path
* DONE (subplex)
