* installing *source* package 'lbfgsb3c' ...
** package 'lbfgsb3c' successfully unpacked and MD5 sums checked
** using staged installation
** libs
make[2]: Entering directory '/tmp/RtmpyVeWPk/R.INSTALL122486c6024e6/lbfgsb3c/src'
g++ -std=gnu++14 -I"/usr/local/apps/R/ubuntu_20.04/4.2.2/lib64/R/include" -DNDEBUG  -I'/home/kingaa/R/x86_64-pc-linux-gnu-library/4.2/Rcpp/include' -I'/home/kingaa/R/x86_64-pc-linux-gnu-library/4.2/RcppArmadillo/include' -I/usr/local/include   -fpic  -g -O2 -Wall -pedantic -c RcppExports.cpp -o RcppExports.o
gfortran -fno-optimize-sibling-calls  -fpic  -g -O2 -Wall -pedantic -fbounds-check -mtune=native -c blas.f -o blas.o
gcc -I"/usr/local/apps/R/ubuntu_20.04/4.2.2/lib64/R/include" -DNDEBUG  -I'/home/kingaa/R/x86_64-pc-linux-gnu-library/4.2/Rcpp/include' -I'/home/kingaa/R/x86_64-pc-linux-gnu-library/4.2/RcppArmadillo/include' -I/usr/local/include   -fpic  -g -O2 -Wall -pedantic -c init.c -o init.o
gfortran -fno-optimize-sibling-calls  -fpic  -g -O2 -Wall -pedantic -fbounds-check -mtune=native -c lbfgsb.f -o lbfgsb.o
lbfgsb.f:3006:31:

 3006 |       subroutine prn3lb(n, x, f, itask, iprint, info, k)
      |                               1
Warning: Unused dummy argument ‘f’ at (1) [-Wunused-dummy-argument]
lbfgsb.f:3006:52:

 3006 |       subroutine prn3lb(n, x, f, itask, iprint, info, k)
      |                                                    1
Warning: Unused dummy argument ‘info’ at (1) [-Wunused-dummy-argument]
lbfgsb.f:3006:46:

 3006 |       subroutine prn3lb(n, x, f, itask, iprint, info, k)
      |                                              1
Warning: Unused dummy argument ‘iprint’ at (1) [-Wunused-dummy-argument]
lbfgsb.f:3006:55:

 3006 |       subroutine prn3lb(n, x, f, itask, iprint, info, k)
      |                                                       1
Warning: Unused dummy argument ‘k’ at (1) [-Wunused-dummy-argument]
lbfgsb.f:3034:18:

 3034 |       integer nprt
      |                  1
Warning: Unused variable ‘nprt’ declared at (1) [-Wunused-variable]
lbfgsb.f:3006:28:

 3006 |       subroutine prn3lb(n, x, f, itask, iprint, info, k)
      |                            1
Warning: Unused dummy argument ‘x’ at (1) [-Wunused-dummy-argument]
lbfgsb.f:2935:25:

 2935 |       subroutine prn2lb(f, iprint, iter,
      |                         1
Warning: Unused dummy argument ‘f’ at (1) [-Wunused-dummy-argument]
lbfgsb.f:2936:37:

 2936 |      +                  sbgnrm, iback, xstep)
      |                                     1
Warning: Unused dummy argument ‘iback’ at (1) [-Wunused-dummy-argument]
lbfgsb.f:2961:18:

 2961 |       integer imod
      |                  1
Warning: Unused variable ‘imod’ declared at (1) [-Wunused-variable]
lbfgsb.f:2935:33:

 2935 |       subroutine prn2lb(f, iprint, iter,
      |                                 1
Warning: Unused dummy argument ‘iprint’ at (1) [-Wunused-dummy-argument]
lbfgsb.f:2935:39:

 2935 |       subroutine prn2lb(f, iprint, iter,
      |                                       1
Warning: Unused dummy argument ‘iter’ at (1) [-Wunused-dummy-argument]
lbfgsb.f:2936:30:

 2936 |      +                  sbgnrm, iback, xstep)
      |                              1
Warning: Unused dummy argument ‘sbgnrm’ at (1) [-Wunused-dummy-argument]
lbfgsb.f:2936:44:

 2936 |      +                  sbgnrm, iback, xstep)
      |                                            1
Warning: Unused dummy argument ‘xstep’ at (1) [-Wunused-dummy-argument]
lbfgsb.f:3274:57:

 3274 |      +                   col, head, iword, wv, wn, iprint, info )
      |                                                         1
Warning: Unused dummy argument ‘iprint’ at (1) [-Wunused-dummy-argument]
lbfgsb.f:2444:18:

 2444 |       integer itmp
      |                  1
Warning: Unused variable ‘itmp’ declared at (1) [-Wunused-variable]
lbfgsb.f:1331:39:

 1331 |      +                  v, nseg, iprint, sbgnrm, info, epsmch)
      |                                       1
Warning: Unused dummy argument ‘iprint’ at (1) [-Wunused-dummy-argument]
lbfgsb.f:1520:18:

 1520 |       integer nprt
      |                  1
Warning: Unused variable ‘nprt’ declared at (1) [-Wunused-variable]
lbfgsb.f:1105:55:

 1105 |       subroutine active(n, l, u, nbd, x, iwhere, iprint,
      |                                                       1
Warning: Unused dummy argument ‘iprint’ at (1) [-Wunused-dummy-argument]
lbfgsb.f:2853:54:

 2853 |       subroutine prn1lb(n, m, l, u, x, iprint,  epsmch)
      |                                                      1
Warning: Unused dummy argument ‘epsmch’ at (1) [-Wunused-dummy-argument]
lbfgsb.f:2853:45:

 2853 |       subroutine prn1lb(n, m, l, u, x, iprint,  epsmch)
      |                                             1
Warning: Unused dummy argument ‘iprint’ at (1) [-Wunused-dummy-argument]
lbfgsb.f:2853:31:

 2853 |       subroutine prn1lb(n, m, l, u, x, iprint,  epsmch)
      |                               1
Warning: Unused dummy argument ‘l’ at (1) [-Wunused-dummy-argument]
lbfgsb.f:2853:28:

 2853 |       subroutine prn1lb(n, m, l, u, x, iprint,  epsmch)
      |                            1
Warning: Unused dummy argument ‘m’ at (1) [-Wunused-dummy-argument]
lbfgsb.f:2853:34:

 2853 |       subroutine prn1lb(n, m, l, u, x, iprint,  epsmch)
      |                                  1
Warning: Unused dummy argument ‘u’ at (1) [-Wunused-dummy-argument]
lbfgsb.f:2853:37:

 2853 |       subroutine prn1lb(n, m, l, u, x, iprint,  epsmch)
      |                                     1
Warning: Unused dummy argument ‘x’ at (1) [-Wunused-dummy-argument]
lbfgsb.f:1522:0:

 1522 |      +                 tu,tl,wmc,wmp,wmw,ddot,tj,tj0,neggi,sbgnrm,
      | 
Warning: ‘tu’ may be used uninitialized in this function [-Wmaybe-uninitialized]
lbfgsb.f:1600:0:

 1600 |                t(nbreak) = tl/(-neggi)
      | 
Warning: ‘tl’ may be used uninitialized in this function [-Wmaybe-uninitialized]
g++ -std=gnu++14 -I"/usr/local/apps/R/ubuntu_20.04/4.2.2/lib64/R/include" -DNDEBUG  -I'/home/kingaa/R/x86_64-pc-linux-gnu-library/4.2/Rcpp/include' -I'/home/kingaa/R/x86_64-pc-linux-gnu-library/4.2/RcppArmadillo/include' -I/usr/local/include   -fpic  -g -O2 -Wall -pedantic -c lbfgsb3x.cpp -o lbfgsb3x.o
gfortran -fno-optimize-sibling-calls  -fpic  -g -O2 -Wall -pedantic -fbounds-check -mtune=native -c timer.f -o timer.o
g++ -std=gnu++14 -shared -L/usr/local/apps/R/ubuntu_20.04/4.2.2/lib64/R/lib -L/usr/local/lib64 -o lbfgsb3c.so RcppExports.o blas.o init.o lbfgsb.o lbfgsb3x.o timer.o -lgfortran -lm -lquadmath -L/usr/local/apps/R/ubuntu_20.04/4.2.2/lib64/R/lib -lR
make[2]: Leaving directory '/tmp/RtmpyVeWPk/R.INSTALL122486c6024e6/lbfgsb3c/src'
installing to /home/kingaa/projects/Rpkg/subplex/revdep/Library/00LOCK-lbfgsb3c/00new/lbfgsb3c/libs
** R
** inst
** byte-compile and prepare package for lazy loading
** help
*** installing help indices
** building package indices
** installing vignettes
** testing if installed package can be loaded from temporary location
** checking absolute paths in shared objects and dynamic libraries
** testing if installed package can be loaded from final location
** testing if installed package keeps a record of temporary installation path
* DONE (lbfgsb3c)
