* installing *source* package 'nnls' ...
** package 'nnls' successfully unpacked and MD5 sums checked
** using staged installation
** libs
make[2]: Entering directory '/tmp/RtmpAGZslm/R.INSTALL1170521543207/nnls/src'
gfortran -fno-optimize-sibling-calls  -fpic  -g -O2 -Wall -pedantic -fbounds-check -mtune=native -c lawson_hanson_nnls.f -o lawson_hanson_nnls.o
lawson_hanson_nnls.f:112:72:

  112 |    10     CL=MAX(abs(U(1,J)),CL)
      |                                                                        1
Warning: Fortran 2018 deleted feature: DO termination statement which is not END DO or CONTINUE with label 10 at (1)
lawson_hanson_nnls.f:113:72:

  113 |       IF (CL) 130,130,20
      |                                                                        1
Warning: Fortran 2018 deleted feature: Arithmetic IF statement at (1)
lawson_hanson_nnls.f:117:72:

  117 |    30     SM=SM+(U(1,J)*CLINV)**2
      |                                                                        1
Warning: Fortran 2018 deleted feature: DO termination statement which is not END DO or CONTINUE with label 30 at (1)
lawson_hanson_nnls.f:119:72:

  119 |       IF (U(1,LPIVOT)) 50,50,40
      |                                                                        1
Warning: Fortran 2018 deleted feature: Arithmetic IF statement at (1)
lawson_hanson_nnls.f:126:72:

  126 |    60 IF (CL) 130,130,70
      |                                                                        1
Warning: Fortran 2018 deleted feature: Arithmetic IF statement at (1)
lawson_hanson_nnls.f:131:72:

  131 |       IF (B) 80,130,130
      |                                                                        1
Warning: Fortran 2018 deleted feature: Arithmetic IF statement at (1)
lawson_hanson_nnls.f:142:72:

  142 |    90         I3=I3+ICE
      |                                                                        1
Warning: Fortran 2018 deleted feature: DO termination statement which is not END DO or CONTINUE with label 90 at (1)
lawson_hanson_nnls.f:143:72:

  143 |           IF (SM) 100,120,100
      |                                                                        1
Warning: Fortran 2018 deleted feature: Arithmetic IF statement at (1)
lawson_hanson_nnls.f:148:72:

  148 |   110         I4=I4+ICE
      |                                                                        1
Warning: Fortran 2018 deleted feature: DO termination statement which is not END DO or CONTINUE with label 110 at (1)
lawson_hanson_nnls.f:227:72:

  227 |    20     INDEX(I)=I
      |                                                                        1
Warning: Fortran 2018 deleted feature: DO termination statement which is not END DO or CONTINUE with label 20 at (1)
lawson_hanson_nnls.f:246:72:

  246 |    40        SM=SM+A(L,J)*B(L)
      |                                                                        1
Warning: Fortran 2018 deleted feature: DO termination statement which is not END DO or CONTINUE with label 40 at (1)
lawson_hanson_nnls.f:276:72:

  276 |    90       UNORM=UNORM+A(L,J)**2
      |                                                                        1
Warning: Fortran 2018 deleted feature: DO termination statement which is not END DO or CONTINUE with label 90 at (1)
lawson_hanson_nnls.f:285:72:

  285 |   120        ZZ(L)=B(L)
      |                                                                        1
Warning: Fortran 2018 deleted feature: DO termination statement which is not END DO or CONTINUE with label 120 at (1)
lawson_hanson_nnls.f:309:72:

  309 |   150    B(L)=ZZ(L)
      |                                                                        1
Warning: Fortran 2018 deleted feature: DO termination statement which is not END DO or CONTINUE with label 150 at (1)
lawson_hanson_nnls.f:326:72:

  326 |   180       A(L,J)=ZERO
      |                                                                        1
Warning: Fortran 2018 deleted feature: DO termination statement which is not END DO or CONTINUE with label 180 at (1)
lawson_hanson_nnls.f:428:72:

  428 |   310     ZZ(I)=B(I)
      |                                                                        1
Warning: Fortran 2018 deleted feature: DO termination statement which is not END DO or CONTINUE with label 310 at (1)
lawson_hanson_nnls.f:438:72:

  438 |   340     X(I)=ZZ(IP)
      |                                                                        1
Warning: Fortran 2018 deleted feature: DO termination statement which is not END DO or CONTINUE with label 340 at (1)
lawson_hanson_nnls.f:451:72:

  451 |   360       SM=SM+B(I)**2
      |                                                                        1
Warning: Fortran 2018 deleted feature: DO termination statement which is not END DO or CONTINUE with label 360 at (1)
lawson_hanson_nnls.f:454:72:

  454 |   380       W(J)=ZERO
      |                                                                        1
Warning: Fortran 2018 deleted feature: DO termination statement which is not END DO or CONTINUE with label 380 at (1)
lawson_hanson_nnls.f:473:72:

  473 |       go to (200, 320), RTNKEY
      |                                                                        1
Warning: Obsolescent feature: Computed GOTO at (1)
lawson_hanson_nnls.f:265:0:

  265 |       J=INDEX(IZ)
      | 
Warning: ‘izmax’ may be used uninitialized in this function [-Wmaybe-uninitialized]
gfortran -fno-optimize-sibling-calls  -fpic  -g -O2 -Wall -pedantic -fbounds-check -mtune=native -c nnnpls.f -o nnnpls.o
nnnpls.f:96:72:

   96 |    20     INDEX(I)=I
      |                                                                        1
Warning: Fortran 2018 deleted feature: DO termination statement which is not END DO or CONTINUE with label 20 at (1)
nnnpls.f:115:72:

  115 |    40        SM=SM+A(L,J)*B(L)
      |                                                                        1
Warning: Fortran 2018 deleted feature: DO termination statement which is not END DO or CONTINUE with label 40 at (1)
nnnpls.f:145:72:

  145 |    90       UNORM=UNORM+A(L,J)**2
      |                                                                        1
Warning: Fortran 2018 deleted feature: DO termination statement which is not END DO or CONTINUE with label 90 at (1)
nnnpls.f:154:72:

  154 |   120        ZZ(L)=B(L)
      |                                                                        1
Warning: Fortran 2018 deleted feature: DO termination statement which is not END DO or CONTINUE with label 120 at (1)
nnnpls.f:178:72:

  178 |   150    B(L)=ZZ(L)
      |                                                                        1
Warning: Fortran 2018 deleted feature: DO termination statement which is not END DO or CONTINUE with label 150 at (1)
nnnpls.f:195:72:

  195 |   180       A(L,J)=ZERO
      |                                                                        1
Warning: Fortran 2018 deleted feature: DO termination statement which is not END DO or CONTINUE with label 180 at (1)
nnnpls.f:297:72:

  297 |   310     ZZ(I)=B(I)
      |                                                                        1
Warning: Fortran 2018 deleted feature: DO termination statement which is not END DO or CONTINUE with label 310 at (1)
nnnpls.f:307:72:

  307 |   340     X(I)=ZZ(IP)
      |                                                                        1
Warning: Fortran 2018 deleted feature: DO termination statement which is not END DO or CONTINUE with label 340 at (1)
nnnpls.f:330:72:

  330 |   360       SM=SM+B(I)**2
      |                                                                        1
Warning: Fortran 2018 deleted feature: DO termination statement which is not END DO or CONTINUE with label 360 at (1)
nnnpls.f:333:72:

  333 |   380       W(J)=ZERO
      |                                                                        1
Warning: Fortran 2018 deleted feature: DO termination statement which is not END DO or CONTINUE with label 380 at (1)
nnnpls.f:352:72:

  352 |       go to (200, 320), RTNKEY
      |                                                                        1
Warning: Obsolescent feature: Computed GOTO at (1)
nnnpls.f:134:0:

  134 |       J=INDEX(IZ)
      | 
Warning: ‘izmax’ may be used uninitialized in this function [-Wmaybe-uninitialized]
gcc -shared -L/usr/local/apps/R/ubuntu_20.04/4.2.2/lib64/R/lib -L/usr/local/lib64 -o nnls.so lawson_hanson_nnls.o nnnpls.o -lgfortran -lm -lquadmath -L/usr/local/apps/R/ubuntu_20.04/4.2.2/lib64/R/lib -lR
make[2]: Leaving directory '/tmp/RtmpAGZslm/R.INSTALL1170521543207/nnls/src'
installing to /home/kingaa/projects/Rpkg/subplex/revdep/Library/00LOCK-nnls/00new/nnls/libs
** R
** inst
** byte-compile and prepare package for lazy loading
** help
*** installing help indices
** building package indices
** testing if installed package can be loaded from temporary location
** checking absolute paths in shared objects and dynamic libraries
** testing if installed package can be loaded from final location
** testing if installed package keeps a record of temporary installation path
* DONE (nnls)
