* installing *source* package 'glassoFast' ...
** package 'glassoFast' successfully unpacked and MD5 sums checked
** using staged installation
** libs
make[2]: Entering directory '/tmp/RtmpIXO0Pq/R.INSTALL12ba37e2a2904/glassoFast/src'
gcc -I"/usr/local/apps/R/ubuntu_20.04/4.2.2/lib64/R/include" -DNDEBUG   -I/usr/local/include   -fpic  -g -O2 -Wall -pedantic -c glassoFast_init.c -o glassoFast_init.o
gfortran -fno-optimize-sibling-calls  -fpic  -g -O2 -Wall -pedantic -fbounds-check -mtune=native -c  glassofast.f90 -o glassofast.o
gcc -shared -L/usr/local/apps/R/ubuntu_20.04/4.2.2/lib64/R/lib -L/usr/local/lib64 -o glassoFast.so glassoFast_init.o glassofast.o -lgfortran -lm -lquadmath -L/usr/local/apps/R/ubuntu_20.04/4.2.2/lib64/R/lib -lR
make[2]: Leaving directory '/tmp/RtmpIXO0Pq/R.INSTALL12ba37e2a2904/glassoFast/src'
installing to /home/kingaa/projects/Rpkg/subplex/revdep/Library/00LOCK-glassoFast/00new/glassoFast/libs
** R
** byte-compile and prepare package for lazy loading
** help
*** installing help indices
** building package indices
** testing if installed package can be loaded from temporary location
** checking absolute paths in shared objects and dynamic libraries
** testing if installed package can be loaded from final location
** testing if installed package keeps a record of temporary installation path
* DONE (glassoFast)
