* installing *source* package 'wordcloud' ...
** package 'wordcloud' successfully unpacked and MD5 sums checked
** using staged installation
** libs
make[2]: Entering directory '/tmp/RtmpY5QjLh/R.INSTALL116dd71135cb2/wordcloud/src'
g++ -std=gnu++14 -I"/usr/local/apps/R/ubuntu_20.04/4.2.2/lib64/R/include" -DNDEBUG  -I'/home/kingaa/R/x86_64-pc-linux-gnu-library/4.2/Rcpp/include' -I/usr/local/include   -fpic  -g -O2 -Wall -pedantic -c RcppExports.cpp -o RcppExports.o
g++ -std=gnu++14 -I"/usr/local/apps/R/ubuntu_20.04/4.2.2/lib64/R/include" -DNDEBUG  -I'/home/kingaa/R/x86_64-pc-linux-gnu-library/4.2/Rcpp/include' -I/usr/local/include   -fpic  -g -O2 -Wall -pedantic -c layout.cpp -o layout.o
g++ -std=gnu++14 -shared -L/usr/local/apps/R/ubuntu_20.04/4.2.2/lib64/R/lib -L/usr/local/lib64 -o wordcloud.so RcppExports.o layout.o -L/usr/local/apps/R/ubuntu_20.04/4.2.2/lib64/R/lib -lR
make[2]: Leaving directory '/tmp/RtmpY5QjLh/R.INSTALL116dd71135cb2/wordcloud/src'
installing to /home/kingaa/projects/Rpkg/subplex/revdep/Library/00LOCK-wordcloud/00new/wordcloud/libs
** R
** data
** byte-compile and prepare package for lazy loading
** help
*** installing help indices
** building package indices
** testing if installed package can be loaded from temporary location
** checking absolute paths in shared objects and dynamic libraries
** testing if installed package can be loaded from final location
** testing if installed package keeps a record of temporary installation path
* DONE (wordcloud)
