* installing *source* package 'diversitree' ...
** package 'diversitree' successfully unpacked and MD5 sums checked
** using staged installation
checking for gcc... gcc
checking whether the C compiler works... yes
checking for C compiler default output file name... a.out
checking for suffix of executables... 
checking whether we are cross compiling... no
checking for suffix of object files... o
checking whether we are using the GNU C compiler... yes
checking whether gcc accepts -g... yes
checking for gcc option to accept ISO C89... none needed
checking how to run the C preprocessor... gcc -E
checking for grep that handles long lines and -e... /usr/bin/grep
checking for egrep... /usr/bin/grep -E
checking for ANSI C header files... yes
checking for sys/types.h... yes
checking for sys/stat.h... yes
checking for stdlib.h... yes
checking for string.h... yes
checking for memory.h... yes
checking for strings.h... yes
checking for inttypes.h... yes
checking for stdint.h... yes
checking for unistd.h... yes
checking fftw3.h usability... no
checking fftw3.h presence... no
checking for fftw3.h... no
configure: WARNING: No fftw found - QuaSSE/fftC will not be available
checking for gsl-config... /usr/bin/gsl-config
checking if GSL version >= 1.15... yes
configure: creating ./config.status
config.status: creating src/Makevars
config.status: creating src/config.h
** libs
make[2]: Entering directory '/tmp/RtmpLONXEl/R.INSTALL132a9bff9103/diversitree/src'
g++ -std=gnu++14 -I"/usr/local/apps/R/ubuntu_20.04/4.2.2/lib64/R/include" -DNDEBUG -I. -I/usr/include -I'/home/kingaa/R/x86_64-pc-linux-gnu-library/4.2/Rcpp/include' -I/usr/local/include   -fpic  -g -O2 -Wall -pedantic -c GslOdeBase.cpp -o GslOdeBase.o
g++ -std=gnu++14 -I"/usr/local/apps/R/ubuntu_20.04/4.2.2/lib64/R/include" -DNDEBUG -I. -I/usr/include -I'/home/kingaa/R/x86_64-pc-linux-gnu-library/4.2/Rcpp/include' -I/usr/local/include   -fpic  -g -O2 -Wall -pedantic -c GslOdeCompiled.cpp -o GslOdeCompiled.o
g++ -std=gnu++14 -I"/usr/local/apps/R/ubuntu_20.04/4.2.2/lib64/R/include" -DNDEBUG -I. -I/usr/include -I'/home/kingaa/R/x86_64-pc-linux-gnu-library/4.2/Rcpp/include' -I/usr/local/include   -fpic  -g -O2 -Wall -pedantic -c GslOdeR.cpp -o GslOdeR.o
g++ -std=gnu++14 -I"/usr/local/apps/R/ubuntu_20.04/4.2.2/lib64/R/include" -DNDEBUG -I. -I/usr/include -I'/home/kingaa/R/x86_64-pc-linux-gnu-library/4.2/Rcpp/include' -I/usr/local/include   -fpic  -g -O2 -Wall -pedantic -c GslOdeTime.cpp -o GslOdeTime.o
g++ -std=gnu++14 -I"/usr/local/apps/R/ubuntu_20.04/4.2.2/lib64/R/include" -DNDEBUG -I. -I/usr/include -I'/home/kingaa/R/x86_64-pc-linux-gnu-library/4.2/Rcpp/include' -I/usr/local/include   -fpic  -g -O2 -Wall -pedantic -c Spline.cpp -o Spline.o
g++ -std=gnu++14 -I"/usr/local/apps/R/ubuntu_20.04/4.2.2/lib64/R/include" -DNDEBUG -I. -I/usr/include -I'/home/kingaa/R/x86_64-pc-linux-gnu-library/4.2/Rcpp/include' -I/usr/local/include   -fpic  -g -O2 -Wall -pedantic -c TimeMachine.cpp -o TimeMachine.o
gcc -I"/usr/local/apps/R/ubuntu_20.04/4.2.2/lib64/R/include" -DNDEBUG -I. -I/usr/include -I'/home/kingaa/R/x86_64-pc-linux-gnu-library/4.2/Rcpp/include' -I/usr/local/include   -fpic  -g -O2 -Wall -pedantic -c asr-joint.c -o asr-joint.o
gcc -I"/usr/local/apps/R/ubuntu_20.04/4.2.2/lib64/R/include" -DNDEBUG -I. -I/usr/include -I'/home/kingaa/R/x86_64-pc-linux-gnu-library/4.2/Rcpp/include' -I/usr/local/include   -fpic  -g -O2 -Wall -pedantic -c bd-eqs.c -o bd-eqs.o
gcc -I"/usr/local/apps/R/ubuntu_20.04/4.2.2/lib64/R/include" -DNDEBUG -I. -I/usr/include -I'/home/kingaa/R/x86_64-pc-linux-gnu-library/4.2/Rcpp/include' -I/usr/local/include   -fpic  -g -O2 -Wall -pedantic -c bisse-eqs.c -o bisse-eqs.o
gcc -I"/usr/local/apps/R/ubuntu_20.04/4.2.2/lib64/R/include" -DNDEBUG -I. -I/usr/include -I'/home/kingaa/R/x86_64-pc-linux-gnu-library/4.2/Rcpp/include' -I/usr/local/include   -fpic  -g -O2 -Wall -pedantic -c bisseness-eqs.c -o bisseness-eqs.o
gfortran -fno-optimize-sibling-calls  -fpic  -g -O2 -Wall -pedantic -fbounds-check -mtune=native -c bucexp.f -o bucexp.o
gcc -I"/usr/local/apps/R/ubuntu_20.04/4.2.2/lib64/R/include" -DNDEBUG -I. -I/usr/include -I'/home/kingaa/R/x86_64-pc-linux-gnu-library/4.2/Rcpp/include' -I/usr/local/include   -fpic  -g -O2 -Wall -pedantic -c classe-eqs.c -o classe-eqs.o
gcc -I"/usr/local/apps/R/ubuntu_20.04/4.2.2/lib64/R/include" -DNDEBUG -I. -I/usr/include -I'/home/kingaa/R/x86_64-pc-linux-gnu-library/4.2/Rcpp/include' -I/usr/local/include   -fpic  -g -O2 -Wall -pedantic -c continuous.c -o continuous.o
gcc -I"/usr/local/apps/R/ubuntu_20.04/4.2.2/lib64/R/include" -DNDEBUG -I. -I/usr/include -I'/home/kingaa/R/x86_64-pc-linux-gnu-library/4.2/Rcpp/include' -I/usr/local/include   -fpic  -g -O2 -Wall -pedantic -c derivs.c -o derivs.o
gfortran -fno-optimize-sibling-calls  -fpic  -g -O2 -Wall -pedantic -fbounds-check -mtune=native -c dgcoov.f -o dgcoov.o
gfortran -fno-optimize-sibling-calls  -fpic  -g -O2 -Wall -pedantic -fbounds-check -mtune=native -c dgexpvi.f -o dgexpvi.o
gfortran -fno-optimize-sibling-calls  -fpic  -g -O2 -Wall -pedantic -fbounds-check -mtune=native -c dgpadm.f -o dgpadm.o
gfortran -fno-optimize-sibling-calls  -fpic  -g -O2 -Wall -pedantic -fbounds-check -mtune=native -c dmexpv.f -o dmexpv.o
gfortran -fno-optimize-sibling-calls  -fpic  -g -O2 -Wall -pedantic -fbounds-check -mtune=native -c dnchbv.f -o dnchbv.o
gfortran -fno-optimize-sibling-calls  -fpic  -g -O2 -Wall -pedantic -fbounds-check -mtune=native -c dsexpv.f -o dsexpv.o
gfortran -fno-optimize-sibling-calls  -fpic  -g -O2 -Wall -pedantic -fbounds-check -mtune=native -c dsexpvi.f -o dsexpvi.o
gfortran -fno-optimize-sibling-calls  -fpic  -g -O2 -Wall -pedantic -fbounds-check -mtune=native -c expm.f -o expm.o
gcc -I"/usr/local/apps/R/ubuntu_20.04/4.2.2/lib64/R/include" -DNDEBUG -I. -I/usr/include -I'/home/kingaa/R/x86_64-pc-linux-gnu-library/4.2/Rcpp/include' -I/usr/local/include   -fpic  -g -O2 -Wall -pedantic -c geosse-eqs.c -o geosse-eqs.o
gcc -I"/usr/local/apps/R/ubuntu_20.04/4.2.2/lib64/R/include" -DNDEBUG -I. -I/usr/include -I'/home/kingaa/R/x86_64-pc-linux-gnu-library/4.2/Rcpp/include' -I/usr/local/include   -fpic  -g -O2 -Wall -pedantic -c hdr.c -o hdr.o
gfortran -fno-optimize-sibling-calls  -fpic  -g -O2 -Wall -pedantic -fbounds-check -mtune=native -c hyperg.f -o hyperg.o
g++ -std=gnu++14 -I"/usr/local/apps/R/ubuntu_20.04/4.2.2/lib64/R/include" -DNDEBUG -I. -I/usr/include -I'/home/kingaa/R/x86_64-pc-linux-gnu-library/4.2/Rcpp/include' -I/usr/local/include   -fpic  -g -O2 -Wall -pedantic -c interface.cpp -o interface.o
gcc -I"/usr/local/apps/R/ubuntu_20.04/4.2.2/lib64/R/include" -DNDEBUG -I. -I/usr/include -I'/home/kingaa/R/x86_64-pc-linux-gnu-library/4.2/Rcpp/include' -I/usr/local/include   -fpic  -g -O2 -Wall -pedantic -c mkn-eqs.c -o mkn-eqs.o
gcc -I"/usr/local/apps/R/ubuntu_20.04/4.2.2/lib64/R/include" -DNDEBUG -I. -I/usr/include -I'/home/kingaa/R/x86_64-pc-linux-gnu-library/4.2/Rcpp/include' -I/usr/local/include   -fpic  -g -O2 -Wall -pedantic -c mkn-expokit.c -o mkn-expokit.o
gcc -I"/usr/local/apps/R/ubuntu_20.04/4.2.2/lib64/R/include" -DNDEBUG -I. -I/usr/include -I'/home/kingaa/R/x86_64-pc-linux-gnu-library/4.2/Rcpp/include' -I/usr/local/include   -fpic  -g -O2 -Wall -pedantic -c mkn-meristic-eqs.c -o mkn-meristic-eqs.o
gcc -I"/usr/local/apps/R/ubuntu_20.04/4.2.2/lib64/R/include" -DNDEBUG -I. -I/usr/include -I'/home/kingaa/R/x86_64-pc-linux-gnu-library/4.2/Rcpp/include' -I/usr/local/include   -fpic  -g -O2 -Wall -pedantic -c mkn-pij.c -o mkn-pij.o
gcc -I"/usr/local/apps/R/ubuntu_20.04/4.2.2/lib64/R/include" -DNDEBUG -I. -I/usr/include -I'/home/kingaa/R/x86_64-pc-linux-gnu-library/4.2/Rcpp/include' -I/usr/local/include   -fpic  -g -O2 -Wall -pedantic -c musse-eqs.c -o musse-eqs.o
gfortran -fno-optimize-sibling-calls  -fpic  -g -O2 -Wall -pedantic -fbounds-check -mtune=native -c nucexp.f -o nucexp.o
gcc -I"/usr/local/apps/R/ubuntu_20.04/4.2.2/lib64/R/include" -DNDEBUG -I. -I/usr/include -I'/home/kingaa/R/x86_64-pc-linux-gnu-library/4.2/Rcpp/include' -I/usr/local/include   -fpic  -g -O2 -Wall -pedantic -c quasse-eqs-fftC.c -o quasse-eqs-fftC.o
gcc -I"/usr/local/apps/R/ubuntu_20.04/4.2.2/lib64/R/include" -DNDEBUG -I. -I/usr/include -I'/home/kingaa/R/x86_64-pc-linux-gnu-library/4.2/Rcpp/include' -I/usr/local/include   -fpic  -g -O2 -Wall -pedantic -c quasse-eqs-mol.c -o quasse-eqs-mol.o
gcc -I"/usr/local/apps/R/ubuntu_20.04/4.2.2/lib64/R/include" -DNDEBUG -I. -I/usr/include -I'/home/kingaa/R/x86_64-pc-linux-gnu-library/4.2/Rcpp/include' -I/usr/local/include   -fpic  -g -O2 -Wall -pedantic -c rfftw.c -o rfftw.o
gcc -I"/usr/local/apps/R/ubuntu_20.04/4.2.2/lib64/R/include" -DNDEBUG -I. -I/usr/include -I'/home/kingaa/R/x86_64-pc-linux-gnu-library/4.2/Rcpp/include' -I/usr/local/include   -fpic  -g -O2 -Wall -pedantic -c scm-mkn.c -o scm-mkn.o
gcc -I"/usr/local/apps/R/ubuntu_20.04/4.2.2/lib64/R/include" -DNDEBUG -I. -I/usr/include -I'/home/kingaa/R/x86_64-pc-linux-gnu-library/4.2/Rcpp/include' -I/usr/local/include   -fpic  -g -O2 -Wall -pedantic -c simulate-bisse.c -o simulate-bisse.o
gcc -I"/usr/local/apps/R/ubuntu_20.04/4.2.2/lib64/R/include" -DNDEBUG -I. -I/usr/include -I'/home/kingaa/R/x86_64-pc-linux-gnu-library/4.2/Rcpp/include' -I/usr/local/include   -fpic  -g -O2 -Wall -pedantic -c util-matrix.c -o util-matrix.o
gcc -I"/usr/local/apps/R/ubuntu_20.04/4.2.2/lib64/R/include" -DNDEBUG -I. -I/usr/include -I'/home/kingaa/R/x86_64-pc-linux-gnu-library/4.2/Rcpp/include' -I/usr/local/include   -fpic  -g -O2 -Wall -pedantic -c util-splines.c -o util-splines.o
gcc -I"/usr/local/apps/R/ubuntu_20.04/4.2.2/lib64/R/include" -DNDEBUG -I. -I/usr/include -I'/home/kingaa/R/x86_64-pc-linux-gnu-library/4.2/Rcpp/include' -I/usr/local/include   -fpic  -g -O2 -Wall -pedantic -c util.c -o util.o
gcc -I"/usr/local/apps/R/ubuntu_20.04/4.2.2/lib64/R/include" -DNDEBUG -I. -I/usr/include -I'/home/kingaa/R/x86_64-pc-linux-gnu-library/4.2/Rcpp/include' -I/usr/local/include   -fpic  -g -O2 -Wall -pedantic -c zzz.c -o zzz.o
g++ -std=gnu++14 -shared -L/usr/local/apps/R/ubuntu_20.04/4.2.2/lib64/R/lib -L/usr/local/lib64 -o diversitree.so GslOdeBase.o GslOdeCompiled.o GslOdeR.o GslOdeTime.o Spline.o TimeMachine.o asr-joint.o bd-eqs.o bisse-eqs.o bisseness-eqs.o bucexp.o classe-eqs.o continuous.o derivs.o dgcoov.o dgexpvi.o dgpadm.o dmexpv.o dnchbv.o dsexpv.o dsexpvi.o expm.o geosse-eqs.o hdr.o hyperg.o interface.o mkn-eqs.o mkn-expokit.o mkn-meristic-eqs.o mkn-pij.o musse-eqs.o nucexp.o quasse-eqs-fftC.o quasse-eqs-mol.o rfftw.o scm-mkn.o simulate-bisse.o util-matrix.o util-splines.o util.o zzz.o -lopenblas -lgfortran -lm -lquadmath -L/usr/lib/x86_64-linux-gnu -lgsl -lgslcblas -lm -lgfortran -lm -lquadmath -L/usr/local/apps/R/ubuntu_20.04/4.2.2/lib64/R/lib -lR
make[2]: Leaving directory '/tmp/RtmpLONXEl/R.INSTALL132a9bff9103/diversitree/src'
installing to /home/kingaa/projects/Rpkg/subplex/revdep/Library/00LOCK-diversitree/00new/diversitree/libs
** R
** inst
** byte-compile and prepare package for lazy loading
** help
*** installing help indices
** building package indices
** testing if installed package can be loaded from temporary location
** checking absolute paths in shared objects and dynamic libraries
** testing if installed package can be loaded from final location
** testing if installed package keeps a record of temporary installation path
* DONE (diversitree)
